#
# A fatal error has been detected by the Java Runtime Environment:
#
#  EXCEPTION_ACCESS_VIOLATION (0xc0000005) at pc=0x00007ffbff507939, pid=58848, tid=62568
#
# JRE version: OpenJDK Runtime Environment (11.0.8+10) (build 11.0.8+10-b944.6842174)
# Java VM: OpenJDK 64-Bit Server VM (11.0.8+10-b944.6842174, mixed mode, tiered, compressed oops, g1 gc, windows-amd64)
# Problematic frame:
# V  [jvm.dll+0x2d7939]
#
# No core dump will be written. Minidumps are not enabled by default on client versions of Windows
#
# If you would like to submit a bug report, please visit:
#   https://bugreport.java.com/bugreport/crash.jsp
#

---------------  S U M M A R Y ------------

Command Line: --add-opens=java.base/java.util=ALL-UNNAMED --add-opens=java.base/java.lang=ALL-UNNAMED --add-opens=java.base/java.lang.invoke=ALL-UNNAMED --add-opens=java.prefs/java.util.prefs=ALL-UNNAMED -Xmx2048m -Dfile.encoding=UTF-8 -Duser.country=US -Duser.language=en -Duser.variant org.gradle.launcher.daemon.bootstrap.GradleDaemon 6.7.1

Host: Intel(R) Core(TM) i5-7200U CPU @ 2.50GHz, 4 cores, 11G,  Windows 10 , 64 bit Build 19041 (10.0.19041.1348)
Time: Fri Dec 17 06:56:13 2021 Greenwich Standard Time elapsed time: 30 seconds (0d 0h 0m 30s)

---------------  T H R E A D  ---------------

Current thread (0x0000029a2f97e000):  ConcurrentGCThread "G1 Conc#0" [stack: 0x000000b398700000,0x000000b398800000] [id=62568]

Stack: [0x000000b398700000,0x000000b398800000],  sp=0x000000b3987ff390,  free space=1020k
Native frames: (J=compiled Java code, j=interpreted, Vv=VM code, C=native code)
V  [jvm.dll+0x2d7939]
V  [jvm.dll+0x2dcdd9]
V  [jvm.dll+0x2e2e81]
V  [jvm.dll+0x2e421f]
V  [jvm.dll+0x7384e0]
V  [jvm.dll+0x6d3895]
V  [jvm.dll+0x5dd4a6]
C  [ucrtbase.dll+0x21bb2]
C  [KERNEL32.DLL+0x17034]
C  [ntdll.dll+0x52651]


siginfo: EXCEPTION_ACCESS_VIOLATION (0xc0000005), reading address 0x0000000000000160


Register to memory mapping:

RIP=0x00007ffbff507939 jvm.dll
RAX=0x0000000000000008 is an unknown value
RBX=0x0000000000800000 is an unknown value
RCX=0x0000029a2f973bf0 points into unknown readable memory: 00 c8 97 2f 9a 02 00 00
RDX=0x0 is NULL
RSP=0x000000b3987ff390 points into unknown readable memory: 50 60 8c 80 00 00 00 00
RBP=0x0000029a2f973bf0 points into unknown readable memory: 00 c8 97 2f 9a 02 00 00
RSI=0x000000b3987ff420 points into unknown readable memory: 98 e1 a3 ff fb 7f 00 00
RDI=0x0000000087123b70 is an oop: java.util.HashMap$Node 
{0x0000000087123b70} - klass: 'java/util/HashMap$Node'
R8 =0x0 is NULL
R9 =0x0000000000800000 is an unknown value
R10=0x0000029a2f973bf0 points into unknown readable memory: 00 c8 97 2f 9a 02 00 00
R11=0x000000b3987ff420 points into unknown readable memory: 98 e1 a3 ff fb 7f 00 00
R12=0x0 is NULL
R13=0x0 is NULL
R14=0x0 is NULL
R15=0x000000000000000c is an unknown value


Registers:
RAX=0x0000000000000008, RBX=0x0000000000800000, RCX=0x0000029a2f973bf0, RDX=0x0000000000000000
RSP=0x000000b3987ff390, RBP=0x0000029a2f973bf0, RSI=0x000000b3987ff420, RDI=0x0000000087123b70
R8 =0x0000000000000000, R9 =0x0000000000800000, R10=0x0000029a2f973bf0, R11=0x000000b3987ff420
R12=0x0000000000000000, R13=0x0000000000000000, R14=0x0000000000000000, R15=0x000000000000000c
RIP=0x00007ffbff507939, EFLAGS=0x0000000000010206

Top of Stack: (sp=0x000000b3987ff390)
0x000000b3987ff390:   00000000808c6050 000000b3987ff420
0x000000b3987ff3a0:   0000000100019a28 00007ffbff50c81b
0x000000b3987ff3b0:   00007ffbffbb1230 00007ffbff50cdd9
0x000000b3987ff3c0:   000000b3987ff420 00007ffbff50c9cf
0x000000b3987ff3d0:   0000000087123b40 0000000000000000
0x000000b3987ff3e0:   0000000000000000 00007ffbffbb1230
0x000000b3987ff3f0:   000000000000000a 00007ffbff512e81
0x000000b3987ff400:   0000000087200000 00000001000328c0
0x000000b3987ff410:   0000000087123b20 0000000087123af0
0x000000b3987ff420:   00007ffbffa3e198 0000000000000000
0x000000b3987ff430:   0000029a2f9428e0 0000029a2f973bf0
0x000000b3987ff440:   0000000000000000 0000000000000000
0x000000b3987ff450:   0000000000000000 000000b3986ff840
0x000000b3987ff460:   0000000000000000 00007ffbff51421f
0x000000b3987ff470:   0000029a2f973c98 0000029a2f93f230
0x000000b3987ff480:   0000029a2f97e000 00000000000001a0 

Instructions: (pc=0x00007ffbff507939)
0x00007ffbff507839:   00 00 00 00 48 8b fa 4c 8b ca 49 8b 42 08 8b 53
0x00007ffbff507849:   10 8b 88 c0 02 00 00 48 8b 80 b0 02 00 00 49 d3
0x00007ffbff507859:   e8 49 8b ca 4e 8b 04 c0 e8 ba 00 00 00 84 c0 75
0x00007ffbff507869:   0b 48 8b 5c 24 48 48 83 c4 30 5f c3 48 8b 43 20
0x00007ffbff507879:   48 8b 88 d8 02 00 00 48 8b 83 98 00 00 00 48 85
0x00007ffbff507889:   c0 74 0e 48 3b f8 72 0e 48 3b bb a0 00 00 00 72
0x00007ffbff507899:   77 48 3b f9 73 72 80 3d 49 da 70 00 00 74 15 8b
0x00007ffbff5078a9:   47 08 8b 0d e7 51 6c 00 48 d3 e0 48 03 05 d5 51
0x00007ffbff5078b9:   6c 00 eb 04 48 8b 47 08 81 78 08 00 00 00 c0 72
0x00007ffbff5078c9:   35 48 8b 83 b0 00 00 00 48 39 83 a8 00 00 00 73
0x00007ffbff5078d9:   10 48 8b 83 c8 00 00 00 48 39 83 c0 00 00 00 72
0x00007ffbff5078e9:   27 48 8b cb e8 1e a4 00 00 b0 01 48 8b 5c 24 48
0x00007ffbff5078f9:   48 83 c4 30 5f c3 48 8d 54 24 40 48 89 7c 24 40
0x00007ffbff507909:   48 8b cb e8 ef 18 00 00 b0 01 48 8b 5c 24 48 48
0x00007ffbff507919:   83 c4 30 5f c3 cc cc 48 89 5c 24 18 48 89 6c 24
0x00007ffbff507929:   20 41 56 48 83 ec 20 49 8b d9 44 8b f2 48 8b e9
0x00007ffbff507939:   4d 3b 88 60 01 00 00 72 13 32 c0 48 8b 5c 24 40
0x00007ffbff507949:   48 8b 6c 24 48 48 83 c4 20 41 5e c3 48 8b 81 90
0x00007ffbff507959:   00 00 00 48 8b d3 48 89 74 24 30 48 2b 10 8b 48
0x00007ffbff507969:   10 48 c1 ea 03 48 d3 ea 48 8d 48 18 e8 26 1d e3
0x00007ffbff507979:   ff 0f b6 f0 84 c0 74 6f 48 89 7c 24 38 48 8b 7c
0x00007ffbff507989:   24 50 48 85 ff 75 2d 40 38 3d 58 d9 70 00 74 15
0x00007ffbff507999:   8b 53 08 8b 0d f6 50 6c 00 48 d3 e2 48 03 15 e4
0x00007ffbff5079a9:   50 6c 00 eb 04 48 8b 53 08 48 8b cb e8 66 0e eb
0x00007ffbff5079b9:   ff 48 63 f8 48 8b 85 f0 02 00 00 8b 0d 4e df 70
0x00007ffbff5079c9:   00 4a 8b 14 f0 48 8b 42 18 48 8b 40 10 48 2b d8
0x00007ffbff5079d9:   48 d3 eb 48 8d 4a 38 8b d3 e8 d9 e4 ff ff 48 01
0x00007ffbff5079e9:   78 08 48 8b 7c 24 38 48 8b 5c 24 40 40 0f b6 c6
0x00007ffbff5079f9:   48 8b 74 24 30 48 8b 6c 24 48 48 83 c4 20 41 5e
0x00007ffbff507a09:   c3 cc cc cc cc cc cc 4c 8b 81 b8 02 00 00 48 8b
0x00007ffbff507a19:   81 a8 02 00 00 8b 91 c0 02 00 00 49 03 c0 8b ca
0x00007ffbff507a29:   48 d3 e0 49 d3 e0 49 2b c0 48 83 e0 f8 c3 cc cc 


Stack slot to memory mapping:
stack at sp + 0 slots: 0x00000000808c6050 is an oop: java.lang.Class 
{0x00000000808c6050} - klass: 'java/lang/Class'
stack at sp + 1 slots: 0x000000b3987ff420 points into unknown readable memory: 98 e1 a3 ff fb 7f 00 00
stack at sp + 2 slots: 0x0000000100019a28 is a pointer to class: 
java.util.concurrent.ConcurrentMap {0x0000000100019a30}
stack at sp + 3 slots: 0x00007ffbff50c81b jvm.dll
stack at sp + 4 slots: 0x00007ffbffbb1230 jvm.dll
stack at sp + 5 slots: 0x00007ffbff50cdd9 jvm.dll
stack at sp + 6 slots: 0x000000b3987ff420 points into unknown readable memory: 98 e1 a3 ff fb 7f 00 00
stack at sp + 7 slots: 0x00007ffbff50c9cf jvm.dll


---------------  P R O C E S S  ---------------

Threads class SMR info:
_java_thread_list=0x0000029a4e7d3c60, length=134, elements={
0x0000029a2f933000, 0x0000029a493d3800, 0x0000029a493c1800, 0x0000029a493d7800,
0x0000029a493d9800, 0x0000029a493db800, 0x0000029a49c92800, 0x0000029a49ca3800,
0x0000029a49d8c800, 0x0000029a49da1800, 0x0000029a4a82f000, 0x0000029a4b7f5000,
0x0000029a4afae800, 0x0000029a4a373000, 0x0000029a4aa44800, 0x0000029a4a87e800,
0x0000029a4ac4d000, 0x0000029a4ac36000, 0x0000029a4adf3000, 0x0000029a4b0d0800,
0x0000029a4b4f1800, 0x0000029a4b4f6800, 0x0000029a4b4f2800, 0x0000029a4b4f5000,
0x0000029a4b4f5800, 0x0000029a4b4f3000, 0x0000029a4b4f0800, 0x0000029a4b4f4000,
0x0000029a4b4f7800, 0x0000029a4c129000, 0x0000029a4c12b800, 0x0000029a4c128000,
0x0000029a4c12e800, 0x0000029a4c12f800, 0x0000029a4c12d000, 0x0000029a4c12c800,
0x0000029a4c12a000, 0x0000029a4c130800, 0x0000029a4c131000, 0x0000029a4c132000,
0x0000029a4c12e000, 0x0000029a4c133000, 0x0000029a4c136000, 0x0000029a4c137000,
0x0000029a4c133800, 0x0000029a4c134800, 0x0000029a4c135800, 0x0000029a4c1ca800,
0x0000029a4c1ce800, 0x0000029a4c1cf800, 0x0000029a4c1cd000, 0x0000029a4c1d1000,
0x0000029a4c1d0000, 0x0000029a4c1cb800, 0x0000029a4c1d2000, 0x0000029a4c1cc000,
0x0000029a4c1d2800, 0x0000029a4c1d3800, 0x0000029a4c1ce000, 0x0000029a4c1d4800,
0x0000029a4c1d5000, 0x0000029a4c1d6000, 0x0000029a4c1d9000, 0x0000029a4c1d6800,
0x0000029a4c1d7800, 0x0000029a4c1d8800, 0x0000029a4bc91000, 0x0000029a4bc92800,
0x0000029a4bc93800, 0x0000029a4bc94800, 0x0000029a4bc90000, 0x0000029a4bc8e800,
0x0000029a4bc95000, 0x0000029a4bc92000, 0x0000029a4bc8f800, 0x0000029a4bc9a000,
0x0000029a4bc97800, 0x0000029a4bc9b800, 0x0000029a4bc96000, 0x0000029a4bc98800,
0x0000029a4bc99000, 0x0000029a4bc9c800, 0x0000029a4bc9b000, 0x0000029a4bc97000,
0x0000029a4bc9d800, 0x0000029a4b61a800, 0x0000029a4b61b000, 0x0000029a4b615800,
0x0000029a4b61c000, 0x0000029a4b619800, 0x0000029a4b616800, 0x0000029a4b61d000,
0x0000029a4b617000, 0x0000029a4b618000, 0x0000029a4b61d800, 0x0000029a4b61e800,
0x0000029a4b618800, 0x0000029a4b620000, 0x0000029a4b622800, 0x0000029a4b621800,
0x0000029a4b61f000, 0x0000029a4b621000, 0x0000029a4b623800, 0x0000029a4b624000,
0x0000029a4b779000, 0x0000029a4b777800, 0x0000029a4b77a000, 0x0000029a4b77b000,
0x0000029a4b77b800, 0x0000029a4b776800, 0x0000029a4b778800, 0x0000029a4b77f000,
0x0000029a4b77d000, 0x0000029a4b77c800, 0x0000029a4b77e000, 0x0000029a4b783000,
0x0000029a4b783800, 0x0000029a4b784800, 0x0000029a4b785800, 0x0000029a4b77f800,
0x0000029a4b780800, 0x0000029a4b781800, 0x0000029a4b782000, 0x0000029a4db58000,
0x0000029a4db59800, 0x0000029a4db58800, 0x0000029a4db57000, 0x0000029a4db5b000,
0x0000029a4db5a800, 0x0000029a4db5c000, 0x0000029a4db56800, 0x0000029a4db5d800,
0x0000029a4db62800, 0x0000029a4db5e800
}

Java Threads: ( => current thread )
  0x0000029a2f933000 JavaThread "main" [_thread_blocked, id=59844, stack(0x000000b398400000,0x000000b398500000)]
  0x0000029a493d3800 JavaThread "Reference Handler" daemon [_thread_blocked, id=60776, stack(0x000000b398b00000,0x000000b398c00000)]
  0x0000029a493c1800 JavaThread "Finalizer" daemon [_thread_blocked, id=61952, stack(0x000000b398c00000,0x000000b398d00000)]
  0x0000029a493d7800 JavaThread "Signal Dispatcher" daemon [_thread_blocked, id=59380, stack(0x000000b398d00000,0x000000b398e00000)]
  0x0000029a493d9800 JavaThread "Attach Listener" daemon [_thread_blocked, id=63084, stack(0x000000b398e00000,0x000000b398f00000)]
  0x0000029a493db800 JavaThread "C2 CompilerThread0" daemon [_thread_in_native, id=60912, stack(0x000000b398f00000,0x000000b399000000)]
  0x0000029a49c92800 JavaThread "C1 CompilerThread0" daemon [_thread_blocked, id=62332, stack(0x000000b399000000,0x000000b399100000)]
  0x0000029a49ca3800 JavaThread "Sweeper thread" daemon [_thread_blocked, id=62240, stack(0x000000b399100000,0x000000b399200000)]
  0x0000029a49d8c800 JavaThread "Common-Cleaner" daemon [_thread_blocked, id=62688, stack(0x000000b399200000,0x000000b399300000)]
  0x0000029a49da1800 JavaThread "Service Thread" daemon [_thread_blocked, id=62164, stack(0x000000b399300000,0x000000b399400000)]
  0x0000029a4a82f000 JavaThread "Daemon health stats" [_thread_blocked, id=59720, stack(0x000000b399500000,0x000000b399600000)]
  0x0000029a4b7f5000 JavaThread "Incoming local TCP Connector on port 59006" [_thread_in_native, id=59568, stack(0x000000b399b00000,0x000000b399c00000)]
  0x0000029a4afae800 JavaThread "Daemon periodic checks" [_thread_blocked, id=60256, stack(0x000000b399c00000,0x000000b399d00000)]
  0x0000029a4a373000 JavaThread "Daemon" [_thread_blocked, id=62292, stack(0x000000b399d00000,0x000000b399e00000)]
  0x0000029a4aa44800 JavaThread "Handler for socket connection from /127.0.0.1:59006 to /127.0.0.1:59007" [_thread_in_native, id=50224, stack(0x000000b399e00000,0x000000b399f00000)]
  0x0000029a4a87e800 JavaThread "Cancel handler" [_thread_blocked, id=44076, stack(0x000000b399f00000,0x000000b39a000000)]
  0x0000029a4ac4d000 JavaThread "Daemon worker" [_thread_in_Java, id=63356, stack(0x000000b39a000000,0x000000b39a100000)]
  0x0000029a4ac36000 JavaThread "Asynchronous log dispatcher for DefaultDaemonConnection: socket connection from /127.0.0.1:59006 to /127.0.0.1:59007" [_thread_blocked, id=30880, stack(0x000000b39a100000,0x000000b39a200000)]
  0x0000029a4adf3000 JavaThread "Stdin handler" [_thread_blocked, id=63132, stack(0x000000b39a200000,0x000000b39a300000)]
  0x0000029a4b0d0800 JavaThread "Thread-8" [_thread_blocked, id=63388, stack(0x000000b39a300000,0x000000b39a400000)]
  0x0000029a4b4f1800 JavaThread "Cache worker for file hash cache (C:\Users\kio favour\.gradle\caches\6.7.1\fileHashes)" [_thread_blocked, id=61016, stack(0x000000b39a400000,0x000000b39a500000)]
  0x0000029a4b4f6800 JavaThread "File lock request listener" [_thread_in_native, id=60616, stack(0x000000b39a500000,0x000000b39a600000)]
  0x0000029a4b4f2800 JavaThread "Cache worker for journal cache (C:\Users\kio favour\.gradle\caches\journal-1)" [_thread_blocked, id=40576, stack(0x000000b39a600000,0x000000b39a700000)]
  0x0000029a4b4f5000 JavaThread "Cache worker for file hash cache (C:\Users\kio favour\AndroidStudioProjects\VVUSA\.gradle\6.7.1\fileHashes)" [_thread_blocked, id=51676, stack(0x000000b39a700000,0x000000b39a800000)]
  0x0000029a4b4f5800 JavaThread "Cache worker for checksums cache (C:\Users\kio favour\AndroidStudioProjects\VVUSA\.gradle\checksums)" [_thread_blocked, id=63048, stack(0x000000b39a800000,0x000000b39a900000)]
  0x0000029a4b4f3000 JavaThread "Cache worker for cache directory md-supplier (C:\Users\kio favour\.gradle\caches\6.7.1\md-supplier)" [_thread_blocked, id=61696, stack(0x000000b39a900000,0x000000b39aa00000)]
  0x0000029a4b4f0800 JavaThread "Cache worker for cache directory md-rule (C:\Users\kio favour\.gradle\caches\6.7.1\md-rule)" [_thread_blocked, id=56028, stack(0x000000b39aa00000,0x000000b39ab00000)]
  0x0000029a4b4f4000 JavaThread "Cache worker for execution history cache (C:\Users\kio favour\.gradle\caches\6.7.1\executionHistory)" [_thread_blocked, id=61976, stack(0x000000b39ab00000,0x000000b39ac00000)]
  0x0000029a4b4f7800 JavaThread "jar transforms" [_thread_blocked, id=63344, stack(0x000000b39ac00000,0x000000b39ad00000)]
  0x0000029a4c129000 JavaThread "Cache worker for file content cache (C:\Users\kio favour\.gradle\caches\6.7.1\fileContent)" [_thread_blocked, id=36660, stack(0x000000b39ad00000,0x000000b39ae00000)]
  0x0000029a4c12b800 JavaThread "Cache worker for Build Output Cleanup Cache (C:\Users\kio favour\AndroidStudioProjects\VVUSA\.gradle\buildOutputCleanup)" [_thread_blocked, id=60908, stack(0x000000b39af00000,0x000000b39b000000)]
  0x0000029a4c128000 JavaThread "Build operations" [_thread_blocked, id=55788, stack(0x000000b39b000000,0x000000b39b100000)]
  0x0000029a4c12e800 JavaThread "Build operations Thread 2" [_thread_blocked, id=60964, stack(0x000000b39b100000,0x000000b39b200000)]
  0x0000029a4c12f800 JavaThread "Build operations Thread 3" [_thread_blocked, id=61516, stack(0x000000b39b200000,0x000000b39b300000)]
  0x0000029a4c12d000 JavaThread "Build operations Thread 4" [_thread_blocked, id=63408, stack(0x000000b39b300000,0x000000b39b400000)]
  0x0000029a4c12c800 JavaThread "jar transforms Thread 2" [_thread_blocked, id=60232, stack(0x000000b39b400000,0x000000b39b500000)]
  0x0000029a4c12a000 JavaThread "jar transforms Thread 3" [_thread_blocked, id=40156, stack(0x000000b39b500000,0x000000b39b600000)]
  0x0000029a4c130800 JavaThread "jar transforms Thread 4" [_thread_blocked, id=56768, stack(0x000000b39b600000,0x000000b39b700000)]
  0x0000029a4c131000 JavaThread "jar transforms Thread 5" [_thread_blocked, id=60332, stack(0x000000b39b700000,0x000000b39b800000)]
  0x0000029a4c132000 JavaThread "jar transforms Thread 6" [_thread_blocked, id=63316, stack(0x000000b39b800000,0x000000b39b900000)]
  0x0000029a4c12e000 JavaThread "jar transforms Thread 7" [_thread_blocked, id=63296, stack(0x000000b39b900000,0x000000b39ba00000)]
  0x0000029a4c133000 JavaThread "jar transforms Thread 8" [_thread_blocked, id=60952, stack(0x000000b39ba00000,0x000000b39bb00000)]
  0x0000029a4c136000 JavaThread "jar transforms Thread 9" [_thread_blocked, id=61300, stack(0x000000b39bb00000,0x000000b39bc00000)]
  0x0000029a4c137000 JavaThread "jar transforms Thread 10" [_thread_blocked, id=44708, stack(0x000000b39bc00000,0x000000b39bd00000)]
  0x0000029a4c133800 JavaThread "jar transforms Thread 11" [_thread_blocked, id=62624, stack(0x000000b39bd00000,0x000000b39be00000)]
  0x0000029a4c134800 JavaThread "jar transforms Thread 12" [_thread_blocked, id=62584, stack(0x000000b39be00000,0x000000b39bf00000)]
  0x0000029a4c135800 JavaThread "jar transforms Thread 13" [_thread_blocked, id=57516, stack(0x000000b39bf00000,0x000000b39c000000)]
  0x0000029a4c1ca800 JavaThread "jar transforms Thread 14" [_thread_blocked, id=57268, stack(0x000000b39c000000,0x000000b39c100000)]
  0x0000029a4c1ce800 JavaThread "jar transforms Thread 15" [_thread_blocked, id=60180, stack(0x000000b39c100000,0x000000b39c200000)]
  0x0000029a4c1cf800 JavaThread "jar transforms Thread 16" [_thread_blocked, id=60204, stack(0x000000b39c200000,0x000000b39c300000)]
  0x0000029a4c1cd000 JavaThread "jar transforms Thread 17" [_thread_blocked, id=47448, stack(0x000000b39c300000,0x000000b39c400000)]
  0x0000029a4c1d1000 JavaThread "jar transforms Thread 18" [_thread_blocked, id=61808, stack(0x000000b39c400000,0x000000b39c500000)]
  0x0000029a4c1d0000 JavaThread "jar transforms Thread 19" [_thread_blocked, id=47892, stack(0x000000b39c500000,0x000000b39c600000)]
  0x0000029a4c1cb800 JavaThread "jar transforms Thread 20" [_thread_blocked, id=59180, stack(0x000000b39c600000,0x000000b39c700000)]
  0x0000029a4c1d2000 JavaThread "jar transforms Thread 21" [_thread_blocked, id=63288, stack(0x000000b39c700000,0x000000b39c800000)]
  0x0000029a4c1cc000 JavaThread "jar transforms Thread 22" [_thread_blocked, id=60356, stack(0x000000b39c800000,0x000000b39c900000)]
  0x0000029a4c1d2800 JavaThread "jar transforms Thread 23" [_thread_blocked, id=53616, stack(0x000000b39c900000,0x000000b39ca00000)]
  0x0000029a4c1d3800 JavaThread "jar transforms Thread 24" [_thread_blocked, id=61628, stack(0x000000b39ca00000,0x000000b39cb00000)]
  0x0000029a4c1ce000 JavaThread "jar transforms Thread 25" [_thread_blocked, id=55588, stack(0x000000b39cb00000,0x000000b39cc00000)]
  0x0000029a4c1d4800 JavaThread "jar transforms Thread 26" [_thread_blocked, id=58284, stack(0x000000b39cc00000,0x000000b39cd00000)]
  0x0000029a4c1d5000 JavaThread "jar transforms Thread 27" [_thread_blocked, id=61988, stack(0x000000b39cd00000,0x000000b39ce00000)]
  0x0000029a4c1d6000 JavaThread "jar transforms Thread 28" [_thread_blocked, id=63396, stack(0x000000b39ce00000,0x000000b39cf00000)]
  0x0000029a4c1d9000 JavaThread "jar transforms Thread 29" [_thread_blocked, id=62536, stack(0x000000b39cf00000,0x000000b39d000000)]
  0x0000029a4c1d6800 JavaThread "jar transforms Thread 30" [_thread_blocked, id=34224, stack(0x000000b39d000000,0x000000b39d100000)]
  0x0000029a4c1d7800 JavaThread "jar transforms Thread 31" [_thread_blocked, id=60816, stack(0x000000b39d100000,0x000000b39d200000)]
  0x0000029a4c1d8800 JavaThread "jar transforms Thread 32" [_thread_blocked, id=62576, stack(0x000000b39d200000,0x000000b39d300000)]
  0x0000029a4bc91000 JavaThread "jar transforms Thread 33" [_thread_blocked, id=55884, stack(0x000000b39d300000,0x000000b39d400000)]
  0x0000029a4bc92800 JavaThread "jar transforms Thread 34" [_thread_blocked, id=63248, stack(0x000000b39d400000,0x000000b39d500000)]
  0x0000029a4bc93800 JavaThread "jar transforms Thread 35" [_thread_blocked, id=62604, stack(0x000000b39d500000,0x000000b39d600000)]
  0x0000029a4bc94800 JavaThread "jar transforms Thread 36" [_thread_blocked, id=59528, stack(0x000000b39d600000,0x000000b39d700000)]
  0x0000029a4bc90000 JavaThread "jar transforms Thread 37" [_thread_blocked, id=50420, stack(0x000000b39d700000,0x000000b39d800000)]
  0x0000029a4bc8e800 JavaThread "jar transforms Thread 38" [_thread_blocked, id=63212, stack(0x000000b39d800000,0x000000b39d900000)]
  0x0000029a4bc95000 JavaThread "jar transforms Thread 39" [_thread_blocked, id=32660, stack(0x000000b39d900000,0x000000b39da00000)]
  0x0000029a4bc92000 JavaThread "jar transforms Thread 40" [_thread_blocked, id=63036, stack(0x000000b39da00000,0x000000b39db00000)]
  0x0000029a4bc8f800 JavaThread "jar transforms Thread 41" [_thread_blocked, id=62668, stack(0x000000b39db00000,0x000000b39dc00000)]
  0x0000029a4bc9a000 JavaThread "jar transforms Thread 42" [_thread_blocked, id=60680, stack(0x000000b39dc00000,0x000000b39dd00000)]
  0x0000029a4bc97800 JavaThread "jar transforms Thread 43" [_thread_blocked, id=33292, stack(0x000000b39dd00000,0x000000b39de00000)]
  0x0000029a4bc9b800 JavaThread "jar transforms Thread 44" [_thread_blocked, id=59164, stack(0x000000b39de00000,0x000000b39df00000)]
  0x0000029a4bc96000 JavaThread "jar transforms Thread 45" [_thread_blocked, id=62428, stack(0x000000b39df00000,0x000000b39e000000)]
  0x0000029a4bc98800 JavaThread "jar transforms Thread 46" [_thread_blocked, id=61756, stack(0x000000b39e000000,0x000000b39e100000)]
  0x0000029a4bc99000 JavaThread "jar transforms Thread 47" [_thread_blocked, id=60228, stack(0x000000b39e100000,0x000000b39e200000)]
  0x0000029a4bc9c800 JavaThread "jar transforms Thread 48" [_thread_blocked, id=55380, stack(0x000000b39e200000,0x000000b39e300000)]
  0x0000029a4bc9b000 JavaThread "jar transforms Thread 49" [_thread_blocked, id=60652, stack(0x000000b39e300000,0x000000b39e400000)]
  0x0000029a4bc97000 JavaThread "jar transforms Thread 50" [_thread_blocked, id=62800, stack(0x000000b39e400000,0x000000b39e500000)]
  0x0000029a4bc9d800 JavaThread "jar transforms Thread 51" [_thread_blocked, id=61752, stack(0x000000b39e500000,0x000000b39e600000)]
  0x0000029a4b61a800 JavaThread "jar transforms Thread 52" [_thread_blocked, id=63480, stack(0x000000b39e600000,0x000000b39e700000)]
  0x0000029a4b61b000 JavaThread "jar transforms Thread 53" [_thread_blocked, id=60848, stack(0x000000b39e700000,0x000000b39e800000)]
  0x0000029a4b615800 JavaThread "jar transforms Thread 54" [_thread_blocked, id=63276, stack(0x000000b39e800000,0x000000b39e900000)]
  0x0000029a4b61c000 JavaThread "jar transforms Thread 55" [_thread_blocked, id=63444, stack(0x000000b39e900000,0x000000b39ea00000)]
  0x0000029a4b619800 JavaThread "jar transforms Thread 56" [_thread_blocked, id=25792, stack(0x000000b39ea00000,0x000000b39eb00000)]
  0x0000029a4b616800 JavaThread "jar transforms Thread 57" [_thread_blocked, id=63416, stack(0x000000b39eb00000,0x000000b39ec00000)]
  0x0000029a4b61d000 JavaThread "jar transforms Thread 58" [_thread_blocked, id=61656, stack(0x000000b39ec00000,0x000000b39ed00000)]
  0x0000029a4b617000 JavaThread "jar transforms Thread 59" [_thread_blocked, id=56672, stack(0x000000b39ed00000,0x000000b39ee00000)]
  0x0000029a4b618000 JavaThread "jar transforms Thread 60" [_thread_blocked, id=62564, stack(0x000000b39ee00000,0x000000b39ef00000)]
  0x0000029a4b61d800 JavaThread "jar transforms Thread 61" [_thread_blocked, id=61176, stack(0x000000b39ef00000,0x000000b39f000000)]
  0x0000029a4b61e800 JavaThread "jar transforms Thread 62" [_thread_blocked, id=59268, stack(0x000000b39f000000,0x000000b39f100000)]
  0x0000029a4b618800 JavaThread "jar transforms Thread 63" [_thread_blocked, id=48084, stack(0x000000b39f100000,0x000000b39f200000)]
  0x0000029a4b620000 JavaThread "jar transforms Thread 64" [_thread_blocked, id=63460, stack(0x000000b39f200000,0x000000b39f300000)]
  0x0000029a4b622800 JavaThread "jar transforms Thread 65" [_thread_blocked, id=57080, stack(0x000000b39f300000,0x000000b39f400000)]
  0x0000029a4b621800 JavaThread "jar transforms Thread 66" [_thread_blocked, id=17624, stack(0x000000b39f400000,0x000000b39f500000)]
  0x0000029a4b61f000 JavaThread "jar transforms Thread 67" [_thread_blocked, id=36940, stack(0x000000b39f500000,0x000000b39f600000)]
  0x0000029a4b621000 JavaThread "jar transforms Thread 68" [_thread_blocked, id=45340, stack(0x000000b39f600000,0x000000b39f700000)]
  0x0000029a4b623800 JavaThread "jar transforms Thread 69" [_thread_blocked, id=46700, stack(0x000000b39f700000,0x000000b39f800000)]
  0x0000029a4b624000 JavaThread "jar transforms Thread 70" [_thread_blocked, id=37404, stack(0x000000b39f800000,0x000000b39f900000)]
  0x0000029a4b779000 JavaThread "jar transforms Thread 71" [_thread_blocked, id=62772, stack(0x000000b39f900000,0x000000b39fa00000)]
  0x0000029a4b777800 JavaThread "jar transforms Thread 72" [_thread_blocked, id=52368, stack(0x000000b39fa00000,0x000000b39fb00000)]
  0x0000029a4b77a000 JavaThread "jar transforms Thread 73" [_thread_blocked, id=63064, stack(0x000000b39fb00000,0x000000b39fc00000)]
  0x0000029a4b77b000 JavaThread "jar transforms Thread 74" [_thread_blocked, id=56392, stack(0x000000b39fc00000,0x000000b39fd00000)]
  0x0000029a4b77b800 JavaThread "jar transforms Thread 75" [_thread_blocked, id=50320, stack(0x000000b39fd00000,0x000000b39fe00000)]
  0x0000029a4b776800 JavaThread "jar transforms Thread 76" [_thread_blocked, id=52536, stack(0x000000b39fe00000,0x000000b39ff00000)]
  0x0000029a4b778800 JavaThread "jar transforms Thread 77" [_thread_blocked, id=56536, stack(0x000000b39ff00000,0x000000b3a0000000)]
  0x0000029a4b77f000 JavaThread "jar transforms Thread 78" [_thread_blocked, id=62520, stack(0x000000b3a0000000,0x000000b3a0100000)]
  0x0000029a4b77d000 JavaThread "jar transforms Thread 79" [_thread_blocked, id=11500, stack(0x000000b3a0100000,0x000000b3a0200000)]
  0x0000029a4b77c800 JavaThread "jar transforms Thread 80" [_thread_blocked, id=61308, stack(0x000000b3a0200000,0x000000b3a0300000)]
  0x0000029a4b77e000 JavaThread "jar transforms Thread 81" [_thread_blocked, id=59472, stack(0x000000b3a0300000,0x000000b3a0400000)]
  0x0000029a4b783000 JavaThread "jar transforms Thread 82" [_thread_blocked, id=62656, stack(0x000000b3a0400000,0x000000b3a0500000)]
  0x0000029a4b783800 JavaThread "jar transforms Thread 83" [_thread_blocked, id=55352, stack(0x000000b3a0500000,0x000000b3a0600000)]
  0x0000029a4b784800 JavaThread "jar transforms Thread 84" [_thread_blocked, id=62860, stack(0x000000b3a0600000,0x000000b3a0700000)]
  0x0000029a4b785800 JavaThread "jar transforms Thread 85" [_thread_blocked, id=27084, stack(0x000000b3a0700000,0x000000b3a0800000)]
  0x0000029a4b77f800 JavaThread "jar transforms Thread 86" [_thread_blocked, id=47720, stack(0x000000b3a0800000,0x000000b3a0900000)]
  0x0000029a4b780800 JavaThread "jar transforms Thread 87" [_thread_blocked, id=60524, stack(0x000000b3a0900000,0x000000b3a0a00000)]
  0x0000029a4b781800 JavaThread "jar transforms Thread 88" [_thread_blocked, id=60860, stack(0x000000b3a0a00000,0x000000b3a0b00000)]
  0x0000029a4b782000 JavaThread "jar transforms Thread 89" [_thread_blocked, id=56416, stack(0x000000b3a0b00000,0x000000b3a0c00000)]
  0x0000029a4db58000 JavaThread "jar transforms Thread 90" [_thread_blocked, id=60504, stack(0x000000b3a0c00000,0x000000b3a0d00000)]
  0x0000029a4db59800 JavaThread "jar transforms Thread 91" [_thread_blocked, id=60432, stack(0x000000b3a0d00000,0x000000b3a0e00000)]
  0x0000029a4db58800 JavaThread "jar transforms Thread 92" [_thread_blocked, id=60836, stack(0x000000b3a0e00000,0x000000b3a0f00000)]
  0x0000029a4db57000 JavaThread "jar transforms Thread 93" [_thread_blocked, id=60832, stack(0x000000b3a0f00000,0x000000b3a1000000)]
  0x0000029a4db5b000 JavaThread "jar transforms Thread 94" [_thread_blocked, id=48392, stack(0x000000b3a1000000,0x000000b3a1100000)]
  0x0000029a4db5a800 JavaThread "jar transforms Thread 95" [_thread_blocked, id=51344, stack(0x000000b3a1100000,0x000000b3a1200000)]
  0x0000029a4db5c000 JavaThread "jar transforms Thread 96" [_thread_blocked, id=57184, stack(0x000000b3a1200000,0x000000b3a1300000)]
  0x0000029a4db56800 JavaThread "jar transforms Thread 97" [_thread_blocked, id=63156, stack(0x000000b3a1300000,0x000000b3a1400000)]
  0x0000029a4db5d800 JavaThread "jar transforms Thread 98" [_thread_blocked, id=59376, stack(0x000000b3a1400000,0x000000b3a1500000)]
  0x0000029a4db62800 JavaThread "jar transforms Thread 99" [_thread_blocked, id=14732, stack(0x000000b3a1500000,0x000000b3a1600000)]
  0x0000029a4db5e800 JavaThread "Memory manager" [_thread_blocked, id=14856, stack(0x000000b3a1600000,0x000000b3a1700000)]

Other Threads:
  0x0000029a49be3800 VMThread "VM Thread" [stack: 0x000000b398a00000,0x000000b398b00000] [id=61356]
  0x0000029a49da3000 WatcherThread [stack: 0x000000b399400000,0x000000b399500000] [id=59144]
  0x0000029a2f94c800 GCTaskThread "GC Thread#0" [stack: 0x000000b398500000,0x000000b398600000] [id=48672]
  0x0000029a4a42c800 GCTaskThread "GC Thread#1" [stack: 0x000000b399600000,0x000000b399700000] [id=56940]
  0x0000029a4a74f000 GCTaskThread "GC Thread#2" [stack: 0x000000b399700000,0x000000b399800000] [id=62636]
  0x0000029a4a3f6000 GCTaskThread "GC Thread#3" [stack: 0x000000b399800000,0x000000b399900000] [id=44612]
  0x0000029a2f97c800 ConcurrentGCThread "G1 Main Marker" [stack: 0x000000b398600000,0x000000b398700000] [id=62356]
=>0x0000029a2f97e000 ConcurrentGCThread "G1 Conc#0" [stack: 0x000000b398700000,0x000000b398800000] [id=62568]
  0x0000029a2fa0e800 ConcurrentGCThread "G1 Refine#0" [stack: 0x000000b398800000,0x000000b398900000] [id=61424]
  0x0000029a49214800 ConcurrentGCThread "G1 Young RemSet Sampling" [stack: 0x000000b398900000,0x000000b398a00000] [id=55932]

Threads with active compile tasks:
C2 CompilerThread0  30891 5536       4       org.codehaus.groovy.runtime.metaclass.MetaMethodIndex::addMethodToList (298 bytes)

VM state:not at safepoint (normal execution)

VM Mutex/Monitor currently owned by a thread: None

Heap address: 0x0000000080000000, size: 2048 MB, Compressed Oops mode: 32-bit
Narrow klass base: 0x0000000000000000, Narrow klass shift: 3
Compressed class space size: 1073741824 Address: 0x0000000100000000

Heap:
 garbage-first heap   total 196608K, used 53972K [0x0000000080000000, 0x0000000100000000)
  region size 1024K, 16 young (16384K), 7 survivors (7168K)
 Metaspace       used 59283K, capacity 60675K, committed 60748K, reserved 1101824K
  class space    used 7516K, capacity 8005K, committed 8064K, reserved 1048576K
Heap Regions: E=young(eden), S=young(survivor), O=old, HS=humongous(starts), HC=humongous(continues), CS=collection set, F=free, A=archive, TAMS=top-at-mark-start (previous, next)
|   0|0x0000000080000000, 0x0000000080100000, 0x0000000080100000|100%| O|  |TAMS 0x0000000080100000, 0x0000000080100000| Untracked 
|   1|0x0000000080100000, 0x0000000080200000, 0x0000000080200000|100%| O|  |TAMS 0x0000000080200000, 0x0000000080200000| Untracked 
|   2|0x0000000080200000, 0x0000000080300000, 0x0000000080300000|100%| O|  |TAMS 0x0000000080300000, 0x0000000080300000| Untracked 
|   3|0x0000000080300000, 0x0000000080400000, 0x0000000080400000|100%|HS|  |TAMS 0x0000000080400000, 0x0000000080400000| Complete 
|   4|0x0000000080400000, 0x0000000080500000, 0x0000000080500000|100%|HC|  |TAMS 0x0000000080500000, 0x0000000080500000| Complete 
|   5|0x0000000080500000, 0x0000000080600000, 0x0000000080600000|100%|HC|  |TAMS 0x0000000080600000, 0x0000000080600000| Complete 
|   6|0x0000000080600000, 0x0000000080700000, 0x0000000080700000|100%| O|  |TAMS 0x0000000080700000, 0x0000000080700000| Untracked 
|   7|0x0000000080700000, 0x0000000080800000, 0x0000000080800000|100%| O|  |TAMS 0x0000000080800000, 0x0000000080800000| Untracked 
|   8|0x0000000080800000, 0x0000000080900000, 0x0000000080900000|100%| O|  |TAMS 0x0000000080900000, 0x0000000080900000| Untracked 
|   9|0x0000000080900000, 0x0000000080a00000, 0x0000000080a00000|100%| O|  |TAMS 0x0000000080a00000, 0x0000000080a00000| Untracked 
|  10|0x0000000080a00000, 0x0000000080b00000, 0x0000000080b00000|100%| O|  |TAMS 0x0000000080b00000, 0x0000000080b00000| Untracked 
|  11|0x0000000080b00000, 0x0000000080c00000, 0x0000000080c00000|100%| O|  |TAMS 0x0000000080c00000, 0x0000000080c00000| Untracked 
|  12|0x0000000080c00000, 0x0000000080d00000, 0x0000000080d00000|100%| O|  |TAMS 0x0000000080c75a00, 0x0000000080d00000| Untracked 
|  13|0x0000000080d00000, 0x0000000080e00000, 0x0000000080e00000|100%|HS|  |TAMS 0x0000000080d00000, 0x0000000080e00000| Complete 
|  14|0x0000000080e00000, 0x0000000080f00000, 0x0000000080f00000|100%|HS|  |TAMS 0x0000000080e00000, 0x0000000080f00000| Complete 
|  15|0x0000000080f00000, 0x0000000081000000, 0x0000000081000000|100%|HC|  |TAMS 0x0000000080f00000, 0x0000000081000000| Complete 
|  16|0x0000000081000000, 0x0000000081100000, 0x0000000081100000|100%| O|  |TAMS 0x0000000081000000, 0x0000000081100000| Untracked 
|  17|0x0000000081100000, 0x0000000081200000, 0x0000000081200000|100%| O|  |TAMS 0x0000000081100000, 0x0000000081200000| Untracked 
|  18|0x0000000081200000, 0x0000000081300000, 0x0000000081300000|100%| O|  |TAMS 0x0000000081200000, 0x0000000081300000| Untracked 
|  19|0x0000000081300000, 0x0000000081400000, 0x0000000081400000|100%| O|  |TAMS 0x0000000081300000, 0x0000000081400000| Untracked 
|  20|0x0000000081400000, 0x0000000081500000, 0x0000000081500000|100%| O|  |TAMS 0x0000000081400000, 0x0000000081500000| Untracked 
|  21|0x0000000081500000, 0x0000000081600000, 0x0000000081600000|100%| O|  |TAMS 0x0000000081500000, 0x0000000081600000| Untracked 
|  22|0x0000000081600000, 0x0000000081700000, 0x0000000081700000|100%| O|  |TAMS 0x0000000081600000, 0x0000000081700000| Untracked 
|  23|0x0000000081700000, 0x0000000081800000, 0x0000000081800000|100%| O|  |TAMS 0x0000000081700000, 0x0000000081800000| Untracked 
|  24|0x0000000081800000, 0x0000000081900000, 0x0000000081900000|100%| O|  |TAMS 0x0000000081800000, 0x0000000081900000| Untracked 
|  25|0x0000000081900000, 0x0000000081900000, 0x0000000081a00000|  0%| F|  |TAMS 0x0000000081900000, 0x0000000081900000| Untracked 
|  26|0x0000000081a00000, 0x0000000081b00000, 0x0000000081b00000|100%| O|  |TAMS 0x0000000081a00000, 0x0000000081b00000| Untracked 
|  27|0x0000000081b00000, 0x0000000081c00000, 0x0000000081c00000|100%| O|  |TAMS 0x0000000081b00000, 0x0000000081c00000| Untracked 
|  28|0x0000000081c00000, 0x0000000081d00000, 0x0000000081d00000|100%| O|  |TAMS 0x0000000081c00000, 0x0000000081d00000| Untracked 
|  29|0x0000000081d00000, 0x0000000081e00000, 0x0000000081e00000|100%| O|  |TAMS 0x0000000081d00000, 0x0000000081e00000| Untracked 
|  30|0x0000000081e00000, 0x0000000081f00000, 0x0000000081f00000|100%| O|  |TAMS 0x0000000081e00000, 0x0000000081f00000| Untracked 
|  31|0x0000000081f00000, 0x0000000082000000, 0x0000000082000000|100%| O|  |TAMS 0x0000000081f00000, 0x0000000082000000| Untracked 
|  32|0x0000000082000000, 0x0000000082100000, 0x0000000082100000|100%| O|  |TAMS 0x0000000082000000, 0x0000000082100000| Untracked 
|  33|0x0000000082100000, 0x0000000082200000, 0x0000000082200000|100%| O|  |TAMS 0x0000000082100000, 0x0000000082200000| Untracked 
|  34|0x0000000082200000, 0x0000000082300000, 0x0000000082300000|100%| O|  |TAMS 0x0000000082200000, 0x0000000082300000| Untracked 
|  35|0x0000000082300000, 0x0000000082400000, 0x0000000082400000|100%| O|  |TAMS 0x0000000082300000, 0x0000000082400000| Untracked 
|  36|0x0000000082400000, 0x0000000082500000, 0x0000000082500000|100%| O|  |TAMS 0x0000000082400000, 0x0000000082500000| Untracked 
|  37|0x0000000082500000, 0x0000000082600000, 0x0000000082600000|100%| O|  |TAMS 0x0000000082500000, 0x0000000082600000| Untracked 
|  38|0x0000000082600000, 0x00000000826c7800, 0x0000000082700000| 77%| O|  |TAMS 0x0000000082600000, 0x00000000826c7800| Untracked 
|  39|0x0000000082700000, 0x0000000082700000, 0x0000000082800000|  0%| F|  |TAMS 0x0000000082700000, 0x0000000082700000| Untracked 
|  40|0x0000000082800000, 0x0000000082800000, 0x0000000082900000|  0%| F|  |TAMS 0x0000000082800000, 0x0000000082800000| Untracked 
|  41|0x0000000082900000, 0x0000000082900000, 0x0000000082a00000|  0%| F|  |TAMS 0x0000000082900000, 0x0000000082900000| Untracked 
|  42|0x0000000082a00000, 0x0000000082a00000, 0x0000000082b00000|  0%| F|  |TAMS 0x0000000082a00000, 0x0000000082a00000| Untracked 
|  43|0x0000000082b00000, 0x0000000082b00000, 0x0000000082c00000|  0%| F|  |TAMS 0x0000000082b00000, 0x0000000082b00000| Untracked 
|  44|0x0000000082c00000, 0x0000000082c00000, 0x0000000082d00000|  0%| F|  |TAMS 0x0000000082c00000, 0x0000000082c00000| Untracked 
|  45|0x0000000082d00000, 0x0000000082d00000, 0x0000000082e00000|  0%| F|  |TAMS 0x0000000082d00000, 0x0000000082d00000| Untracked 
|  46|0x0000000082e00000, 0x0000000082e00000, 0x0000000082f00000|  0%| F|  |TAMS 0x0000000082e00000, 0x0000000082e00000| Untracked 
|  47|0x0000000082f00000, 0x0000000082f00000, 0x0000000083000000|  0%| F|  |TAMS 0x0000000082f00000, 0x0000000082f00000| Untracked 
|  48|0x0000000083000000, 0x0000000083000000, 0x0000000083100000|  0%| F|  |TAMS 0x0000000083000000, 0x0000000083000000| Untracked 
|  49|0x0000000083100000, 0x0000000083100000, 0x0000000083200000|  0%| F|  |TAMS 0x0000000083100000, 0x0000000083100000| Untracked 
|  50|0x0000000083200000, 0x0000000083200000, 0x0000000083300000|  0%| F|  |TAMS 0x0000000083200000, 0x0000000083200000| Untracked 
|  51|0x0000000083300000, 0x0000000083300000, 0x0000000083400000|  0%| F|  |TAMS 0x0000000083300000, 0x0000000083300000| Untracked 
|  52|0x0000000083400000, 0x0000000083400000, 0x0000000083500000|  0%| F|  |TAMS 0x0000000083400000, 0x0000000083400000| Untracked 
|  53|0x0000000083500000, 0x0000000083500000, 0x0000000083600000|  0%| F|  |TAMS 0x0000000083500000, 0x0000000083500000| Untracked 
|  54|0x0000000083600000, 0x0000000083600000, 0x0000000083700000|  0%| F|  |TAMS 0x0000000083600000, 0x0000000083600000| Untracked 
|  55|0x0000000083700000, 0x0000000083700000, 0x0000000083800000|  0%| F|  |TAMS 0x0000000083700000, 0x0000000083700000| Untracked 
|  56|0x0000000083800000, 0x0000000083800000, 0x0000000083900000|  0%| F|  |TAMS 0x0000000083800000, 0x0000000083800000| Untracked 
|  57|0x0000000083900000, 0x0000000083900000, 0x0000000083a00000|  0%| F|  |TAMS 0x0000000083900000, 0x0000000083900000| Untracked 
|  58|0x0000000083a00000, 0x0000000083a00000, 0x0000000083b00000|  0%| F|  |TAMS 0x0000000083a00000, 0x0000000083a00000| Untracked 
|  59|0x0000000083b00000, 0x0000000083b00000, 0x0000000083c00000|  0%| F|  |TAMS 0x0000000083b00000, 0x0000000083b00000| Untracked 
|  60|0x0000000083c00000, 0x0000000083c00000, 0x0000000083d00000|  0%| F|  |TAMS 0x0000000083c00000, 0x0000000083c00000| Untracked 
|  61|0x0000000083d00000, 0x0000000083d00000, 0x0000000083e00000|  0%| F|  |TAMS 0x0000000083d00000, 0x0000000083d00000| Untracked 
|  62|0x0000000083e00000, 0x0000000083e00000, 0x0000000083f00000|  0%| F|  |TAMS 0x0000000083e00000, 0x0000000083e00000| Untracked 
|  63|0x0000000083f00000, 0x0000000083f00000, 0x0000000084000000|  0%| F|  |TAMS 0x0000000083f00000, 0x0000000083f00000| Untracked 
|  64|0x0000000084000000, 0x0000000084000000, 0x0000000084100000|  0%| F|  |TAMS 0x0000000084000000, 0x0000000084000000| Untracked 
|  65|0x0000000084100000, 0x0000000084100000, 0x0000000084200000|  0%| F|  |TAMS 0x0000000084100000, 0x0000000084100000| Untracked 
|  66|0x0000000084200000, 0x0000000084200000, 0x0000000084300000|  0%| F|  |TAMS 0x0000000084200000, 0x0000000084200000| Untracked 
|  67|0x0000000084300000, 0x0000000084300000, 0x0000000084400000|  0%| F|  |TAMS 0x0000000084300000, 0x0000000084300000| Untracked 
|  68|0x0000000084400000, 0x0000000084400000, 0x0000000084500000|  0%| F|  |TAMS 0x0000000084400000, 0x0000000084400000| Untracked 
|  69|0x0000000084500000, 0x0000000084500000, 0x0000000084600000|  0%| F|  |TAMS 0x0000000084500000, 0x0000000084500000| Untracked 
|  70|0x0000000084600000, 0x0000000084600000, 0x0000000084700000|  0%| F|  |TAMS 0x0000000084600000, 0x0000000084600000| Untracked 
|  71|0x0000000084700000, 0x0000000084700000, 0x0000000084800000|  0%| F|  |TAMS 0x0000000084700000, 0x0000000084700000| Untracked 
|  72|0x0000000084800000, 0x0000000084800000, 0x0000000084900000|  0%| F|  |TAMS 0x0000000084800000, 0x0000000084800000| Untracked 
|  73|0x0000000084900000, 0x0000000084900000, 0x0000000084a00000|  0%| F|  |TAMS 0x0000000084900000, 0x0000000084900000| Untracked 
|  74|0x0000000084a00000, 0x0000000084a00000, 0x0000000084b00000|  0%| F|  |TAMS 0x0000000084a00000, 0x0000000084a00000| Untracked 
|  75|0x0000000084b00000, 0x0000000084b00000, 0x0000000084c00000|  0%| F|  |TAMS 0x0000000084b00000, 0x0000000084b00000| Untracked 
|  76|0x0000000084c00000, 0x0000000084c00000, 0x0000000084d00000|  0%| F|  |TAMS 0x0000000084c00000, 0x0000000084c00000| Untracked 
|  77|0x0000000084d00000, 0x0000000084d00000, 0x0000000084e00000|  0%| F|  |TAMS 0x0000000084d00000, 0x0000000084d00000| Untracked 
|  78|0x0000000084e00000, 0x0000000084e00000, 0x0000000084f00000|  0%| F|  |TAMS 0x0000000084e00000, 0x0000000084e00000| Untracked 
|  79|0x0000000084f00000, 0x0000000084f00000, 0x0000000085000000|  0%| F|  |TAMS 0x0000000084f00000, 0x0000000084f00000| Untracked 
|  80|0x0000000085000000, 0x0000000085000000, 0x0000000085100000|  0%| F|  |TAMS 0x0000000085000000, 0x0000000085000000| Untracked 
|  81|0x0000000085100000, 0x0000000085100000, 0x0000000085200000|  0%| F|  |TAMS 0x0000000085100000, 0x0000000085100000| Untracked 
|  82|0x0000000085200000, 0x0000000085200000, 0x0000000085300000|  0%| F|  |TAMS 0x0000000085200000, 0x0000000085200000| Untracked 
|  83|0x0000000085300000, 0x0000000085300000, 0x0000000085400000|  0%| F|  |TAMS 0x0000000085300000, 0x0000000085300000| Untracked 
|  84|0x0000000085400000, 0x0000000085400000, 0x0000000085500000|  0%| F|  |TAMS 0x0000000085400000, 0x0000000085400000| Untracked 
|  85|0x0000000085500000, 0x0000000085500000, 0x0000000085600000|  0%| F|  |TAMS 0x0000000085500000, 0x0000000085500000| Untracked 
|  86|0x0000000085600000, 0x0000000085600000, 0x0000000085700000|  0%| F|  |TAMS 0x0000000085600000, 0x0000000085600000| Untracked 
|  87|0x0000000085700000, 0x0000000085700000, 0x0000000085800000|  0%| F|  |TAMS 0x0000000085700000, 0x0000000085700000| Untracked 
|  88|0x0000000085800000, 0x0000000085800000, 0x0000000085900000|  0%| F|  |TAMS 0x0000000085800000, 0x0000000085800000| Untracked 
|  89|0x0000000085900000, 0x0000000085900000, 0x0000000085a00000|  0%| F|  |TAMS 0x0000000085900000, 0x0000000085900000| Untracked 
|  90|0x0000000085a00000, 0x0000000085a00000, 0x0000000085b00000|  0%| F|  |TAMS 0x0000000085a00000, 0x0000000085a00000| Untracked 
|  91|0x0000000085b00000, 0x0000000085b00000, 0x0000000085c00000|  0%| F|  |TAMS 0x0000000085b00000, 0x0000000085b00000| Untracked 
|  92|0x0000000085c00000, 0x0000000085c00000, 0x0000000085d00000|  0%| F|  |TAMS 0x0000000085c00000, 0x0000000085c00000| Untracked 
|  93|0x0000000085d00000, 0x0000000085d00000, 0x0000000085e00000|  0%| F|  |TAMS 0x0000000085d00000, 0x0000000085d00000| Untracked 
|  94|0x0000000085e00000, 0x0000000085e00000, 0x0000000085f00000|  0%| F|  |TAMS 0x0000000085e00000, 0x0000000085e00000| Untracked 
|  95|0x0000000085f00000, 0x0000000085f00000, 0x0000000086000000|  0%| F|  |TAMS 0x0000000085f00000, 0x0000000085f00000| Untracked 
|  96|0x0000000086000000, 0x0000000086000000, 0x0000000086100000|  0%| F|  |TAMS 0x0000000086000000, 0x0000000086000000| Untracked 
|  97|0x0000000086100000, 0x0000000086100000, 0x0000000086200000|  0%| F|  |TAMS 0x0000000086100000, 0x0000000086100000| Untracked 
|  98|0x0000000086200000, 0x0000000086200000, 0x0000000086300000|  0%| F|  |TAMS 0x0000000086200000, 0x0000000086200000| Untracked 
|  99|0x0000000086300000, 0x0000000086300000, 0x0000000086400000|  0%| F|  |TAMS 0x0000000086300000, 0x0000000086300000| Untracked 
| 100|0x0000000086400000, 0x0000000086400000, 0x0000000086500000|  0%| F|  |TAMS 0x0000000086400000, 0x0000000086400000| Untracked 
| 101|0x0000000086500000, 0x0000000086500000, 0x0000000086600000|  0%| F|  |TAMS 0x0000000086500000, 0x0000000086500000| Untracked 
| 102|0x0000000086600000, 0x0000000086600000, 0x0000000086700000|  0%| F|  |TAMS 0x0000000086600000, 0x0000000086600000| Untracked 
| 103|0x0000000086700000, 0x0000000086700000, 0x0000000086800000|  0%| F|  |TAMS 0x0000000086700000, 0x0000000086700000| Untracked 
| 104|0x0000000086800000, 0x0000000086800000, 0x0000000086900000|  0%| F|  |TAMS 0x0000000086800000, 0x0000000086800000| Untracked 
| 105|0x0000000086900000, 0x0000000086900000, 0x0000000086a00000|  0%| F|  |TAMS 0x0000000086900000, 0x0000000086900000| Untracked 
| 106|0x0000000086a00000, 0x0000000086a00000, 0x0000000086b00000|  0%| F|  |TAMS 0x0000000086a00000, 0x0000000086a00000| Untracked 
| 107|0x0000000086b00000, 0x0000000086bedb30, 0x0000000086c00000| 92%| S|CS|TAMS 0x0000000086b00000, 0x0000000086b00000| Complete 
| 108|0x0000000086c00000, 0x0000000086d00000, 0x0000000086d00000|100%| S|CS|TAMS 0x0000000086c00000, 0x0000000086c00000| Complete 
| 109|0x0000000086d00000, 0x0000000086e00000, 0x0000000086e00000|100%| S|CS|TAMS 0x0000000086d00000, 0x0000000086d00000| Complete 
| 110|0x0000000086e00000, 0x0000000086f00000, 0x0000000086f00000|100%| S|CS|TAMS 0x0000000086e00000, 0x0000000086e00000| Complete 
| 111|0x0000000086f00000, 0x0000000087000000, 0x0000000087000000|100%| S|CS|TAMS 0x0000000086f00000, 0x0000000086f00000| Complete 
| 112|0x0000000087000000, 0x0000000087100000, 0x0000000087100000|100%| S|CS|TAMS 0x0000000087000000, 0x0000000087000000| Complete 
| 113|0x0000000087100000, 0x0000000087200000, 0x0000000087200000|100%| S|CS|TAMS 0x0000000087100000, 0x0000000087100000| Complete 
| 114|0x0000000087200000, 0x0000000087200000, 0x0000000087300000|  0%| F|  |TAMS 0x0000000087200000, 0x0000000087200000| Untracked 
| 115|0x0000000087300000, 0x0000000087300000, 0x0000000087400000|  0%| F|  |TAMS 0x0000000087300000, 0x0000000087300000| Untracked 
| 116|0x0000000087400000, 0x0000000087400000, 0x0000000087500000|  0%| F|  |TAMS 0x0000000087400000, 0x0000000087400000| Untracked 
| 117|0x0000000087500000, 0x0000000087500000, 0x0000000087600000|  0%| F|  |TAMS 0x0000000087500000, 0x0000000087500000| Untracked 
| 118|0x0000000087600000, 0x0000000087600000, 0x0000000087700000|  0%| F|  |TAMS 0x0000000087600000, 0x0000000087600000| Untracked 
| 119|0x0000000087700000, 0x0000000087700000, 0x0000000087800000|  0%| F|  |TAMS 0x0000000087700000, 0x0000000087700000| Untracked 
| 120|0x0000000087800000, 0x0000000087800000, 0x0000000087900000|  0%| F|  |TAMS 0x0000000087800000, 0x0000000087800000| Untracked 
| 121|0x0000000087900000, 0x0000000087900000, 0x0000000087a00000|  0%| F|  |TAMS 0x0000000087900000, 0x0000000087900000| Untracked 
| 122|0x0000000087a00000, 0x0000000087a00000, 0x0000000087b00000|  0%| F|  |TAMS 0x0000000087a00000, 0x0000000087a00000| Untracked 
| 123|0x0000000087b00000, 0x0000000087b00000, 0x0000000087c00000|  0%| F|  |TAMS 0x0000000087b00000, 0x0000000087b00000| Untracked 
| 124|0x0000000087c00000, 0x0000000087c00000, 0x0000000087d00000|  0%| F|  |TAMS 0x0000000087c00000, 0x0000000087c00000| Untracked 
| 125|0x0000000087d00000, 0x0000000087d00000, 0x0000000087e00000|  0%| F|  |TAMS 0x0000000087d00000, 0x0000000087d00000| Untracked 
| 126|0x0000000087e00000, 0x0000000087e00000, 0x0000000087f00000|  0%| F|  |TAMS 0x0000000087e00000, 0x0000000087e00000| Untracked 
| 127|0x0000000087f00000, 0x0000000087f00000, 0x0000000088000000|  0%| F|  |TAMS 0x0000000087f00000, 0x0000000087f00000| Untracked 
| 128|0x0000000088000000, 0x0000000088000000, 0x0000000088100000|  0%| F|  |TAMS 0x0000000088000000, 0x0000000088000000| Untracked 
| 129|0x0000000088100000, 0x0000000088100000, 0x0000000088200000|  0%| F|  |TAMS 0x0000000088100000, 0x0000000088100000| Untracked 
| 130|0x0000000088200000, 0x0000000088200000, 0x0000000088300000|  0%| F|  |TAMS 0x0000000088200000, 0x0000000088200000| Untracked 
| 131|0x0000000088300000, 0x0000000088300000, 0x0000000088400000|  0%| F|  |TAMS 0x0000000088300000, 0x0000000088300000| Untracked 
| 132|0x0000000088400000, 0x0000000088400000, 0x0000000088500000|  0%| F|  |TAMS 0x0000000088400000, 0x0000000088400000| Untracked 
| 133|0x0000000088500000, 0x0000000088500000, 0x0000000088600000|  0%| F|  |TAMS 0x0000000088500000, 0x0000000088500000| Untracked 
| 134|0x0000000088600000, 0x0000000088600000, 0x0000000088700000|  0%| F|  |TAMS 0x0000000088600000, 0x0000000088600000| Untracked 
| 135|0x0000000088700000, 0x0000000088700000, 0x0000000088800000|  0%| F|  |TAMS 0x0000000088700000, 0x0000000088700000| Untracked 
| 136|0x0000000088800000, 0x0000000088800000, 0x0000000088900000|  0%| F|  |TAMS 0x0000000088800000, 0x0000000088800000| Untracked 
| 137|0x0000000088900000, 0x0000000088900000, 0x0000000088a00000|  0%| F|  |TAMS 0x0000000088900000, 0x0000000088900000| Untracked 
| 138|0x0000000088a00000, 0x0000000088a00000, 0x0000000088b00000|  0%| F|  |TAMS 0x0000000088a00000, 0x0000000088a00000| Untracked 
| 139|0x0000000088b00000, 0x0000000088b00000, 0x0000000088c00000|  0%| F|  |TAMS 0x0000000088b00000, 0x0000000088b00000| Untracked 
| 140|0x0000000088c00000, 0x0000000088c00000, 0x0000000088d00000|  0%| F|  |TAMS 0x0000000088c00000, 0x0000000088c00000| Untracked 
| 141|0x0000000088d00000, 0x0000000088d00000, 0x0000000088e00000|  0%| F|  |TAMS 0x0000000088d00000, 0x0000000088d00000| Untracked 
| 142|0x0000000088e00000, 0x0000000088e00000, 0x0000000088f00000|  0%| F|  |TAMS 0x0000000088e00000, 0x0000000088e00000| Untracked 
| 143|0x0000000088f00000, 0x0000000088f00000, 0x0000000089000000|  0%| F|  |TAMS 0x0000000088f00000, 0x0000000088f00000| Untracked 
| 144|0x0000000089000000, 0x0000000089000000, 0x0000000089100000|  0%| F|  |TAMS 0x0000000089000000, 0x0000000089000000| Untracked 
| 145|0x0000000089100000, 0x0000000089100000, 0x0000000089200000|  0%| F|  |TAMS 0x0000000089100000, 0x0000000089100000| Untracked 
| 146|0x0000000089200000, 0x0000000089200000, 0x0000000089300000|  0%| F|  |TAMS 0x0000000089200000, 0x0000000089200000| Untracked 
| 147|0x0000000089300000, 0x0000000089300000, 0x0000000089400000|  0%| F|  |TAMS 0x0000000089300000, 0x0000000089300000| Untracked 
| 148|0x0000000089400000, 0x0000000089400000, 0x0000000089500000|  0%| F|  |TAMS 0x0000000089400000, 0x0000000089400000| Untracked 
| 149|0x0000000089500000, 0x0000000089500000, 0x0000000089600000|  0%| F|  |TAMS 0x0000000089500000, 0x0000000089500000| Untracked 
| 150|0x0000000089600000, 0x0000000089600000, 0x0000000089700000|  0%| F|  |TAMS 0x0000000089600000, 0x0000000089600000| Untracked 
| 151|0x0000000089700000, 0x0000000089700000, 0x0000000089800000|  0%| F|  |TAMS 0x0000000089700000, 0x0000000089700000| Untracked 
| 152|0x0000000089800000, 0x0000000089800000, 0x0000000089900000|  0%| F|  |TAMS 0x0000000089800000, 0x0000000089800000| Untracked 
| 153|0x0000000089900000, 0x0000000089900000, 0x0000000089a00000|  0%| F|  |TAMS 0x0000000089900000, 0x0000000089900000| Untracked 
| 154|0x0000000089a00000, 0x0000000089a00000, 0x0000000089b00000|  0%| F|  |TAMS 0x0000000089a00000, 0x0000000089a00000| Untracked 
| 155|0x0000000089b00000, 0x0000000089b00000, 0x0000000089c00000|  0%| F|  |TAMS 0x0000000089b00000, 0x0000000089b00000| Untracked 
| 156|0x0000000089c00000, 0x0000000089c00000, 0x0000000089d00000|  0%| F|  |TAMS 0x0000000089c00000, 0x0000000089c00000| Untracked 
| 157|0x0000000089d00000, 0x0000000089d00000, 0x0000000089e00000|  0%| F|  |TAMS 0x0000000089d00000, 0x0000000089d00000| Untracked 
| 158|0x0000000089e00000, 0x0000000089e00000, 0x0000000089f00000|  0%| F|  |TAMS 0x0000000089e00000, 0x0000000089e00000| Untracked 
| 159|0x0000000089f00000, 0x0000000089f00000, 0x000000008a000000|  0%| F|  |TAMS 0x0000000089f00000, 0x0000000089f00000| Untracked 
| 160|0x000000008a000000, 0x000000008a000000, 0x000000008a100000|  0%| F|  |TAMS 0x000000008a000000, 0x000000008a000000| Untracked 
| 161|0x000000008a100000, 0x000000008a100000, 0x000000008a200000|  0%| F|  |TAMS 0x000000008a100000, 0x000000008a100000| Untracked 
| 162|0x000000008a200000, 0x000000008a200000, 0x000000008a300000|  0%| F|  |TAMS 0x000000008a200000, 0x000000008a200000| Untracked 
| 163|0x000000008a300000, 0x000000008a300000, 0x000000008a400000|  0%| F|  |TAMS 0x000000008a300000, 0x000000008a300000| Untracked 
| 164|0x000000008a400000, 0x000000008a400000, 0x000000008a500000|  0%| F|  |TAMS 0x000000008a400000, 0x000000008a400000| Untracked 
| 165|0x000000008a500000, 0x000000008a500000, 0x000000008a600000|  0%| F|  |TAMS 0x000000008a500000, 0x000000008a500000| Untracked 
| 166|0x000000008a600000, 0x000000008a600000, 0x000000008a700000|  0%| F|  |TAMS 0x000000008a600000, 0x000000008a600000| Untracked 
| 167|0x000000008a700000, 0x000000008a700000, 0x000000008a800000|  0%| F|  |TAMS 0x000000008a700000, 0x000000008a700000| Untracked 
| 168|0x000000008a800000, 0x000000008a800000, 0x000000008a900000|  0%| F|  |TAMS 0x000000008a800000, 0x000000008a800000| Untracked 
| 169|0x000000008a900000, 0x000000008a900000, 0x000000008aa00000|  0%| F|  |TAMS 0x000000008a900000, 0x000000008a900000| Untracked 
| 170|0x000000008aa00000, 0x000000008aa00000, 0x000000008ab00000|  0%| F|  |TAMS 0x000000008aa00000, 0x000000008aa00000| Untracked 
| 171|0x000000008ab00000, 0x000000008ab00000, 0x000000008ac00000|  0%| F|  |TAMS 0x000000008ab00000, 0x000000008ab00000| Untracked 
| 172|0x000000008ac00000, 0x000000008ac00000, 0x000000008ad00000|  0%| F|  |TAMS 0x000000008ac00000, 0x000000008ac00000| Untracked 
| 173|0x000000008ad00000, 0x000000008ad00000, 0x000000008ae00000|  0%| F|  |TAMS 0x000000008ad00000, 0x000000008ad00000| Untracked 
| 174|0x000000008ae00000, 0x000000008ae00000, 0x000000008af00000|  0%| F|  |TAMS 0x000000008ae00000, 0x000000008ae00000| Untracked 
| 175|0x000000008af00000, 0x000000008af00000, 0x000000008b000000|  0%| F|  |TAMS 0x000000008af00000, 0x000000008af00000| Untracked 
| 176|0x000000008b000000, 0x000000008b000000, 0x000000008b100000|  0%| F|  |TAMS 0x000000008b000000, 0x000000008b000000| Untracked 
| 177|0x000000008b100000, 0x000000008b100000, 0x000000008b200000|  0%| F|  |TAMS 0x000000008b100000, 0x000000008b100000| Untracked 
| 178|0x000000008b200000, 0x000000008b200000, 0x000000008b300000|  0%| F|  |TAMS 0x000000008b200000, 0x000000008b200000| Untracked 
| 179|0x000000008b300000, 0x000000008b300000, 0x000000008b400000|  0%| F|  |TAMS 0x000000008b300000, 0x000000008b300000| Untracked 
| 180|0x000000008b400000, 0x000000008b400000, 0x000000008b500000|  0%| F|  |TAMS 0x000000008b400000, 0x000000008b400000| Untracked 
| 181|0x000000008b500000, 0x000000008b500000, 0x000000008b600000|  0%| F|  |TAMS 0x000000008b500000, 0x000000008b500000| Untracked 
| 182|0x000000008b600000, 0x000000008b600000, 0x000000008b700000|  0%| F|  |TAMS 0x000000008b600000, 0x000000008b600000| Untracked 
| 183|0x000000008b700000, 0x000000008b800000, 0x000000008b800000|100%| E|  |TAMS 0x000000008b700000, 0x000000008b700000| Complete 
| 184|0x000000008b800000, 0x000000008b900000, 0x000000008b900000|100%| E|CS|TAMS 0x000000008b800000, 0x000000008b800000| Complete 
| 185|0x000000008b900000, 0x000000008ba00000, 0x000000008ba00000|100%| E|CS|TAMS 0x000000008b900000, 0x000000008b900000| Complete 
| 186|0x000000008ba00000, 0x000000008bb00000, 0x000000008bb00000|100%| E|CS|TAMS 0x000000008ba00000, 0x000000008ba00000| Complete 
| 187|0x000000008bb00000, 0x000000008bc00000, 0x000000008bc00000|100%| E|CS|TAMS 0x000000008bb00000, 0x000000008bb00000| Complete 
| 188|0x000000008bc00000, 0x000000008bd00000, 0x000000008bd00000|100%| E|CS|TAMS 0x000000008bc00000, 0x000000008bc00000| Complete 
| 189|0x000000008bd00000, 0x000000008be00000, 0x000000008be00000|100%| E|CS|TAMS 0x000000008bd00000, 0x000000008bd00000| Complete 
| 190|0x000000008be00000, 0x000000008bf00000, 0x000000008bf00000|100%| E|CS|TAMS 0x000000008be00000, 0x000000008be00000| Complete 
| 191|0x000000008bf00000, 0x000000008c000000, 0x000000008c000000|100%| E|CS|TAMS 0x000000008bf00000, 0x000000008bf00000| Complete 

Card table byte_map: [0x0000029a426b0000,0x0000029a42ab0000] _byte_map_base: 0x0000029a422b0000

Marking Bits (Prev, Next): (CMBitMap*) 0x0000029a2f973c08, (CMBitMap*) 0x0000029a2f973c40
 Prev Bits: [0x0000029a42eb0000, 0x0000029a44eb0000)
 Next Bits: [0x0000029a44eb0000, 0x0000029a46eb0000)

Polling page: 0x0000029a2d730000

Metaspace:

Usage:
  Non-class:     51.50 MB capacity,    50.56 MB ( 98%) used,   824.48 KB (  2%) free+waste,   134.06 KB ( <1%) overhead. 
      Class:      7.85 MB capacity,     7.34 MB ( 94%) used,   453.84 KB (  6%) free+waste,    63.00 KB ( <1%) overhead. 
       Both:     59.35 MB capacity,    57.91 MB ( 98%) used,     1.25 MB (  2%) free+waste,   197.06 KB ( <1%) overhead. 

Virtual space:
  Non-class space:       52.00 MB reserved,      51.70 MB (>99%) committed 
      Class space:        1.00 GB reserved,       7.88 MB ( <1%) committed 
             Both:        1.05 GB reserved,      59.57 MB (  6%) committed 

Chunk freelists:
   Non-Class:  2.00 KB
       Class:  27.00 KB
        Both:  29.00 KB

MaxMetaspaceSize: 17179869184.00 GB
CompressedClassSpaceSize: 1.00 GB

CodeHeap 'non-profiled nmethods': size=120064Kb used=3055Kb max_used=3055Kb free=117008Kb
 bounds [0x0000029a3ad70000, 0x0000029a3b070000, 0x0000029a422b0000]
CodeHeap 'profiled nmethods': size=120000Kb used=11248Kb max_used=11248Kb free=108751Kb
 bounds [0x0000029a33840000, 0x0000029a34340000, 0x0000029a3ad70000]
CodeHeap 'non-nmethods': size=5696Kb used=2231Kb max_used=2291Kb free=3464Kb
 bounds [0x0000029a332b0000, 0x0000029a33520000, 0x0000029a33840000]
 total_blobs=6114 nmethods=5303 adapters=722
 compilation: enabled
              stopped_count=0, restarted_count=0
 full_count=0

Compilation events (20 events):
Event: 30.461 Thread 0x0000029a493db800 nmethod 5429 0x0000029a3b060590 code [0x0000029a3b0608a0, 0x0000029a3b063e00]
Event: 30.499 Thread 0x0000029a49c92800 5433       3       java.lang.StringUTF16::length (5 bytes)
Event: 30.499 Thread 0x0000029a49c92800 nmethod 5433 0x0000029a342ebd90 code [0x0000029a342ebf40, 0x0000029a342ec038]
Event: 30.499 Thread 0x0000029a49c92800 5434       3       java.lang.StringUTF16::checkIndex (9 bytes)
Event: 30.499 Thread 0x0000029a49c92800 nmethod 5434 0x0000029a342ec110 code [0x0000029a342ec2e0, 0x0000029a342ec448]
Event: 30.499 Thread 0x0000029a49c92800 5435       3       java.lang.StringUTF16::charAt (11 bytes)
Event: 30.499 Thread 0x0000029a49c92800 nmethod 5435 0x0000029a342ec590 code [0x0000029a342ec760, 0x0000029a342ec948]
Event: 30.499 Thread 0x0000029a49c92800 5436       3       java.lang.StringUTF16::putChar (54 bytes)
Event: 30.499 Thread 0x0000029a49c92800 nmethod 5436 0x0000029a342eca90 code [0x0000029a342ecc40, 0x0000029a342ecd78]
Event: 30.499 Thread 0x0000029a49c92800 5437       3       java.util.regex.Pattern$NotBehind::match (137 bytes)
Event: 30.500 Thread 0x0000029a49c92800 nmethod 5437 0x0000029a342ece90 code [0x0000029a342ed080, 0x0000029a342ed678]
Event: 30.501 Thread 0x0000029a49c92800 5438       3       java.lang.String::substring (58 bytes)
Event: 30.502 Thread 0x0000029a49c92800 nmethod 5438 0x0000029a342ed890 code [0x0000029a342edac0, 0x0000029a342ee148]
Event: 30.502 Thread 0x0000029a49c92800 5440       3       java.lang.AbstractStringBuilder::append (45 bytes)
Event: 30.502 Thread 0x0000029a49c92800 nmethod 5440 0x0000029a342ee390 code [0x0000029a342ee5c0, 0x0000029a342eead8]
Event: 30.502 Thread 0x0000029a49c92800 5439       3       kotlin.text.StringsKt__AppendableKt::appendElement (100 bytes)
Event: 30.503 Thread 0x0000029a49c92800 nmethod 5439 0x0000029a342eed10 code [0x0000029a342eefc0, 0x0000029a342efe38]
Event: 30.503 Thread 0x0000029a49c92800 5442       3       java.util.regex.Pattern$BmpCharProperty::<init> (6 bytes)
Event: 30.503 Thread 0x0000029a49c92800 nmethod 5442 0x0000029a342f0110 code [0x0000029a342f02e0, 0x0000029a342f05b8]
Event: 30.503 Thread 0x0000029a49c92800 5441       3       java.util.regex.Pattern::group0 (1102 bytes)

GC Heap History (20 events):
Event: 1.916 GC heap before
{Heap before GC invocations=0 (full 0):
 garbage-first heap   total 196608K, used 19456K [0x0000000080000000, 0x0000000100000000)
  region size 1024K, 14 young (14336K), 0 survivors (0K)
 Metaspace       used 7444K, capacity 7567K, committed 7680K, reserved 1056768K
  class space    used 674K, capacity 716K, committed 768K, reserved 1048576K
}
Event: 1.929 GC heap after
{Heap after GC invocations=1 (full 0):
 garbage-first heap   total 196608K, used 7868K [0x0000000080000000, 0x0000000100000000)
  region size 1024K, 2 young (2048K), 2 survivors (2048K)
 Metaspace       used 7444K, capacity 7567K, committed 7680K, reserved 1056768K
  class space    used 674K, capacity 716K, committed 768K, reserved 1048576K
}
Event: 2.849 GC heap before
{Heap before GC invocations=1 (full 0):
 garbage-first heap   total 196608K, used 19132K [0x0000000080000000, 0x0000000100000000)
  region size 1024K, 13 young (13312K), 2 survivors (2048K)
 Metaspace       used 10464K, capacity 10689K, committed 11008K, reserved 1058816K
  class space    used 1098K, capacity 1163K, committed 1280K, reserved 1048576K
}
Event: 2.851 GC heap after
{Heap after GC invocations=2 (full 0):
 garbage-first heap   total 196608K, used 8601K [0x0000000080000000, 0x0000000100000000)
  region size 1024K, 1 young (1024K), 1 survivors (1024K)
 Metaspace       used 10464K, capacity 10689K, committed 11008K, reserved 1058816K
  class space    used 1098K, capacity 1163K, committed 1280K, reserved 1048576K
}
Event: 3.852 GC heap before
{Heap before GC invocations=2 (full 0):
 garbage-first heap   total 196608K, used 36249K [0x0000000080000000, 0x0000000100000000)
  region size 1024K, 29 young (29696K), 1 survivors (1024K)
 Metaspace       used 10684K, capacity 10885K, committed 11008K, reserved 1058816K
  class space    used 1103K, capacity 1164K, committed 1280K, reserved 1048576K
}
Event: 3.856 GC heap after
{Heap after GC invocations=3 (full 0):
 garbage-first heap   total 196608K, used 12568K [0x0000000080000000, 0x0000000100000000)
  region size 1024K, 4 young (4096K), 4 survivors (4096K)
 Metaspace       used 10684K, capacity 10885K, committed 11008K, reserved 1058816K
  class space    used 1103K, capacity 1164K, committed 1280K, reserved 1048576K
}
Event: 7.710 GC heap before
{Heap before GC invocations=3 (full 0):
 garbage-first heap   total 196608K, used 53528K [0x0000000080000000, 0x0000000100000000)
  region size 1024K, 44 young (45056K), 4 survivors (4096K)
 Metaspace       used 18647K, capacity 19035K, committed 19328K, reserved 1067008K
  class space    used 2234K, capacity 2360K, committed 2432K, reserved 1048576K
}
Event: 7.717 GC heap after
{Heap after GC invocations=4 (full 0):
 garbage-first heap   total 196608K, used 16237K [0x0000000080000000, 0x0000000100000000)
  region size 1024K, 4 young (4096K), 4 survivors (4096K)
 Metaspace       used 18647K, capacity 19035K, committed 19328K, reserved 1067008K
  class space    used 2234K, capacity 2360K, committed 2432K, reserved 1048576K
}
Event: 8.108 GC heap before
{Heap before GC invocations=4 (full 0):
 garbage-first heap   total 196608K, used 29549K [0x0000000080000000, 0x0000000100000000)
  region size 1024K, 19 young (19456K), 4 survivors (4096K)
 Metaspace       used 20599K, capacity 21093K, committed 21248K, reserved 1067008K
  class space    used 2520K, capacity 2710K, committed 2816K, reserved 1048576K
}
Event: 8.115 GC heap after
{Heap after GC invocations=5 (full 0):
 garbage-first heap   total 196608K, used 16441K [0x0000000080000000, 0x0000000100000000)
  region size 1024K, 4 young (4096K), 4 survivors (4096K)
 Metaspace       used 20599K, capacity 21093K, committed 21248K, reserved 1067008K
  class space    used 2520K, capacity 2710K, committed 2816K, reserved 1048576K
}
Event: 11.176 GC heap before
{Heap before GC invocations=6 (full 0):
 garbage-first heap   total 196608K, used 76857K [0x0000000080000000, 0x0000000100000000)
  region size 1024K, 64 young (65536K), 4 survivors (4096K)
 Metaspace       used 27308K, capacity 27925K, committed 28160K, reserved 1073152K
  class space    used 3592K, capacity 3821K, committed 3840K, reserved 1048576K
}
Event: 11.187 GC heap after
{Heap after GC invocations=7 (full 0):
 garbage-first heap   total 196608K, used 18873K [0x0000000080000000, 0x0000000100000000)
  region size 1024K, 6 young (6144K), 6 survivors (6144K)
 Metaspace       used 27308K, capacity 27925K, committed 28160K, reserved 1073152K
  class space    used 3592K, capacity 3821K, committed 3840K, reserved 1048576K
}
Event: 13.025 GC heap before
{Heap before GC invocations=7 (full 0):
 garbage-first heap   total 196608K, used 56761K [0x0000000080000000, 0x0000000100000000)
  region size 1024K, 44 young (45056K), 6 survivors (6144K)
 Metaspace       used 35150K, capacity 35821K, committed 35840K, reserved 1081344K
  class space    used 4563K, capacity 4856K, committed 4864K, reserved 1048576K
}
Event: 13.040 GC heap after
{Heap after GC invocations=8 (full 0):
 garbage-first heap   total 196608K, used 21677K [0x0000000080000000, 0x0000000100000000)
  region size 1024K, 9 young (9216K), 9 survivors (9216K)
 Metaspace       used 35150K, capacity 35821K, committed 35840K, reserved 1081344K
  class space    used 4563K, capacity 4856K, committed 4864K, reserved 1048576K
}
Event: 15.218 GC heap before
{Heap before GC invocations=9 (full 0):
 garbage-first heap   total 196608K, used 105645K [0x0000000080000000, 0x0000000100000000)
  region size 1024K, 88 young (90112K), 9 survivors (9216K)
 Metaspace       used 42870K, capacity 43830K, committed 44032K, reserved 1087488K
  class space    used 5509K, capacity 5862K, committed 5888K, reserved 1048576K
}
Event: 15.235 GC heap after
{Heap after GC invocations=10 (full 0):
 garbage-first heap   total 196608K, used 25703K [0x0000000080000000, 0x0000000100000000)
  region size 1024K, 10 young (10240K), 10 survivors (10240K)
 Metaspace       used 42870K, capacity 43830K, committed 44032K, reserved 1087488K
  class space    used 5509K, capacity 5862K, committed 5888K, reserved 1048576K
}
Event: 25.080 GC heap before
{Heap before GC invocations=10 (full 0):
 garbage-first heap   total 196608K, used 118887K [0x0000000080000000, 0x0000000100000000)
  region size 1024K, 99 young (101376K), 10 survivors (10240K)
 Metaspace       used 48897K, capacity 50079K, committed 50176K, reserved 1093632K
  class space    used 6217K, capacity 6625K, committed 6656K, reserved 1048576K
}
Event: 25.109 GC heap after
{Heap after GC invocations=11 (full 0):
 garbage-first heap   total 196608K, used 38912K [0x0000000080000000, 0x0000000100000000)
  region size 1024K, 13 young (13312K), 13 survivors (13312K)
 Metaspace       used 48897K, capacity 50079K, committed 50176K, reserved 1093632K
  class space    used 6217K, capacity 6625K, committed 6656K, reserved 1048576K
}
Event: 30.241 GC heap before
{Heap before GC invocations=11 (full 0):
 garbage-first heap   total 196608K, used 117760K [0x0000000080000000, 0x0000000100000000)
  region size 1024K, 91 young (93184K), 13 survivors (13312K)
 Metaspace       used 58740K, capacity 60111K, committed 60160K, reserved 1101824K
  class space    used 7432K, capacity 7905K, committed 7936K, reserved 1048576K
}
Event: 30.277 GC heap after
{Heap after GC invocations=12 (full 0):
 garbage-first heap   total 196608K, used 45780K [0x0000000080000000, 0x0000000100000000)
  region size 1024K, 7 young (7168K), 7 survivors (7168K)
 Metaspace       used 58740K, capacity 60111K, committed 60160K, reserved 1101824K
  class space    used 7432K, capacity 7905K, committed 7936K, reserved 1048576K
}

Deoptimization events (20 events):
Event: 30.499 Thread 0x0000029a4ac4d000 Uncommon trap: trap_request=0xffffff4d fr.pc=0x0000029a3ae66820 relative=0x00000000000005c0
Event: 30.499 Thread 0x0000029a4ac4d000 Uncommon trap: reason=unstable_if action=reinterpret pc=0x0000029a3ae66820 method=java.lang.AbstractStringBuilder.appendChars(Ljava/lang/CharSequence;II)V @ 4 c2
Event: 30.499 Thread 0x0000029a4ac4d000 DEOPT PACKING pc=0x0000029a3ae66820 sp=0x000000b39a0f6df0
Event: 30.499 Thread 0x0000029a4ac4d000 DEOPT UNPACKING pc=0x0000029a332d74af sp=0x000000b39a0f6cc8 mode 2
Event: 30.499 Thread 0x0000029a4ac4d000 Uncommon trap: trap_request=0xffffff4d fr.pc=0x0000029a3adc86c0 relative=0x0000000000000380
Event: 30.499 Thread 0x0000029a4ac4d000 Uncommon trap: reason=unstable_if action=reinterpret pc=0x0000029a3adc86c0 method=java.lang.AbstractStringBuilder.isLatin1()Z @ 10 c2
Event: 30.499 Thread 0x0000029a4ac4d000 DEOPT PACKING pc=0x0000029a3adc86c0 sp=0x000000b39a0f6e80
Event: 30.500 Thread 0x0000029a4ac4d000 DEOPT UNPACKING pc=0x0000029a332d74af sp=0x000000b39a0f6e00 mode 2
Event: 30.500 Thread 0x0000029a4ac4d000 Uncommon trap: trap_request=0xffffff4d fr.pc=0x0000029a3ad9f7a8 relative=0x0000000000000468
Event: 30.500 Thread 0x0000029a4ac4d000 Uncommon trap: reason=unstable_if action=reinterpret pc=0x0000029a3ad9f7a8 method=java.lang.AbstractStringBuilder.putStringAt(ILjava/lang/String;)V @ 8 c2
Event: 30.500 Thread 0x0000029a4ac4d000 DEOPT PACKING pc=0x0000029a3ad9f7a8 sp=0x000000b39a0f6b00
Event: 30.500 Thread 0x0000029a4ac4d000 DEOPT UNPACKING pc=0x0000029a332d74af sp=0x000000b39a0f6a60 mode 2
Event: 30.501 Thread 0x0000029a4ac4d000 Uncommon trap: trap_request=0xffffff4d fr.pc=0x0000029a3adb4298 relative=0x0000000000000458
Event: 30.501 Thread 0x0000029a4ac4d000 Uncommon trap: reason=unstable_if action=reinterpret pc=0x0000029a3adb4298 method=java.lang.String.substring(II)Ljava/lang/String; @ 31 c2
Event: 30.501 Thread 0x0000029a4ac4d000 DEOPT PACKING pc=0x0000029a3adb4298 sp=0x000000b39a0f6a90
Event: 30.501 Thread 0x0000029a4ac4d000 DEOPT UNPACKING pc=0x0000029a332d74af sp=0x000000b39a0f6a48 mode 2
Event: 30.501 Thread 0x0000029a4ac4d000 Uncommon trap: trap_request=0xffffff4d fr.pc=0x0000029a3afab26c relative=0x00000000000000cc
Event: 30.501 Thread 0x0000029a4ac4d000 Uncommon trap: reason=unstable_if action=reinterpret pc=0x0000029a3afab26c method=java.lang.String.getBytes([BIB)V @ 5 c2
Event: 30.501 Thread 0x0000029a4ac4d000 DEOPT PACKING pc=0x0000029a3afab26c sp=0x000000b39a0f6a80
Event: 30.501 Thread 0x0000029a4ac4d000 DEOPT UNPACKING pc=0x0000029a332d74af sp=0x000000b39a0f6a28 mode 2

Classes redefined (0 events):
No events

Internal exceptions (20 events):
Event: 22.172 Thread 0x0000029a4b0d0800 Exception <a 'java/lang/NoSuchMethodError'{0x00000000881a5c68}: <clinit>> (0x00000000881a5c68) thrown at [./src/hotspot/share/prims/jni.cpp, line 1362]
Event: 22.394 Thread 0x0000029a4ac4d000 Exception <a 'java/lang/ClassNotFoundException'{0x0000000088047190}: build_8d500ktyqh0ra1sud35q1vlmgBeanInfo> (0x0000000088047190) thrown at [./src/hotspot/share/classfile/systemDictionary.cpp, line 231]
Event: 22.394 Thread 0x0000029a4ac4d000 Exception <a 'java/lang/ClassNotFoundException'{0x000000008804ff98}: build_8d500ktyqh0ra1sud35q1vlmgCustomizer> (0x000000008804ff98) thrown at [./src/hotspot/share/classfile/systemDictionary.cpp, line 231]
Event: 22.401 Thread 0x0000029a4ac4d000 Exception <a 'java/lang/ClassNotFoundException'{0x00000000880bf1f8}: org/gradle/plugin/use/internal/PluginRequestCollector$PluginDependenciesSpecImplBeanInfo> (0x00000000880bf1f8) thrown at [./src/hotspot/share/classfile/systemDictionary.cpp, line 231]
Event: 22.402 Thread 0x0000029a4ac4d000 Exception <a 'java/lang/ClassNotFoundException'{0x00000000880e4f68}: org/gradle/plugin/use/internal/PluginRequestCollector$PluginDependenciesSpecImplCustomizer> (0x00000000880e4f68) thrown at [./src/hotspot/share/classfile/systemDictionary.cpp, line 231]
Event: 22.409 Thread 0x0000029a4ac4d000 Exception <a 'java/lang/NoSuchMethodError'{0x0000000087f5b2b8}: 'void java.lang.invoke.DirectMethodHandle$Holder.invokeInterface(java.lang.Object, java.lang.Object)'> (0x0000000087f5b2b8) thrown at [./src/hotspot/share/interpreter/linkResolver.cpp, line 773]
Event: 22.680 Thread 0x0000029a4ac4d000 Exception <a 'java/lang/ClassNotFoundException'{0x0000000087d5f050}: org/gradle/api/internal/plugins/DefaultObjectConfigurationActionBeanInfo> (0x0000000087d5f050) thrown at [./src/hotspot/share/classfile/systemDictionary.cpp, line 231]
Event: 22.681 Thread 0x0000029a4ac4d000 Exception <a 'java/lang/ClassNotFoundException'{0x0000000087d8b020}: org/gradle/api/internal/plugins/DefaultObjectConfigurationActionCustomizer> (0x0000000087d8b020) thrown at [./src/hotspot/share/classfile/systemDictionary.cpp, line 231]
Event: 24.077 Thread 0x0000029a4ac4d000 Exception <a 'java/lang/NoSuchMethodError'{0x0000000087464bf8}: 'java.lang.Object java.lang.invoke.DirectMethodHandle$Holder.invokeStatic(java.lang.Object, java.lang.Object, java.lang.Object, java.lang.Object, int)'> (0x0000000087464bf8) thrown at [./src/hotspot/share/interpreter/linkResolver.cpp, line 773]
Event: 24.078 Thread 0x0000029a4ac4d000 Exception <a 'java/lang/NoSuchMethodError'{0x00000000874695f0}: 'java.lang.Object java.lang.invoke.DirectMethodHandle$Holder.invokeSpecial(java.lang.Object, java.lang.Object, java.lang.Object, java.lang.Object, java.lang.Object, int)'> (0x00000000874695f0) thrown at [./src/hotspot/share/interpreter/linkResolver.cpp, line 773]
Event: 24.078 Thread 0x0000029a4ac4d000 Exception <a 'java/lang/NoSuchMethodError'{0x000000008746dc30}: 'java.lang.Object java.lang.invoke.Invokers$Holder.linkToTargetMethod(java.lang.Object, java.lang.Object, java.lang.Object, int, java.lang.Object)'> (0x000000008746dc30) thrown at [./src/hotspot/share/interpreter/linkResolver.cpp, line 773]
Event: 25.484 Thread 0x0000029a4ac4d000 Exception <a 'java/lang/NoSuchMethodError'{0x000000008bab0b70}: 'java.lang.Object java.lang.invoke.DirectMethodHandle$Holder.invokeSpecial(java.lang.Object, java.lang.Object, int, int, java.lang.Object, java.lang.Object, java.lang.Object)'> (0x000000008bab0b70) thrown at [./src/hotspot/share/interpreter/linkResolver.cpp, line 773]
Event: 25.486 Thread 0x0000029a4ac4d000 Exception <a 'java/lang/NoSuchMethodError'{0x000000008bab50f0}: 'java.lang.Object java.lang.invoke.DelegatingMethodHandle$Holder.reinvoke_L(java.lang.Object, int, int, java.lang.Object, java.lang.Object, java.lang.Object)'> (0x000000008bab50f0) thrown at [./src/hotspot/share/interpreter/linkResolver.cpp, line 773]
Event: 26.346 Thread 0x0000029a4ac4d000 Exception <a 'java/lang/NoSuchMethodError'{0x000000008ad6a030}: 'int java.lang.invoke.DirectMethodHandle$Holder.invokeInterface(java.lang.Object, java.lang.Object, java.lang.Object, java.lang.Object)'> (0x000000008ad6a030) thrown at [./src/hotspot/share/interpreter/linkResolver.cpp, line 773]
Event: 27.136 Thread 0x0000029a4ac4d000 Exception <a 'java/lang/NoSuchMethodError'{0x000000008a3b1970}: 'void java.lang.invoke.DirectMethodHandle$Holder.invokeInterface(java.lang.Object, java.lang.Object, java.lang.Object, java.lang.Object)'> (0x000000008a3b1970) thrown at [./src/hotspot/share/interpreter/linkResolver.cpp, line 773]
Event: 27.450 Thread 0x0000029a4ac4d000 Exception <a 'java/lang/IncompatibleClassChangeError'{0x0000000089b3c6b8}: Found class java.lang.Object, but interface was expected> (0x0000000089b3c6b8) thrown at [./src/hotspot/share/interpreter/linkResolver.cpp, line 839]
Event: 27.506 Thread 0x0000029a4ac4d000 Exception <a 'java/lang/NoSuchMethodError'{0x0000000089bd8310}: 'void java.lang.invoke.DirectMethodHandle$Holder.invokeStatic(java.lang.Object, java.lang.Object, java.lang.Object, java.lang.Object, java.lang.Object)'> (0x0000000089bd8310) thrown at [./src/hotspot/share/interpreter/linkResolver.cpp, line 773]
Event: 27.627 Thread 0x0000029a4ac4d000 Implicit null exception at 0x0000029a3afa86d4 to 0x0000029a3afa88b8
Event: 27.627 Thread 0x0000029a4ac4d000 Implicit null exception at 0x0000029a3afabcb9 to 0x0000029a3afabd9c
Event: 27.882 Thread 0x0000029a4ac4d000 Implicit null exception at 0x0000029a3afc632d to 0x0000029a3afc65c8

Events (20 events):
Event: 30.432 loading class com/android/tools/build/jetifier/processor/transform/proguard/patterns/ReplacersRunner done
Event: 30.432 loading class com/android/tools/build/jetifier/processor/transform/proguard/patterns/GroupsReplacer
Event: 30.432 loading class com/android/tools/build/jetifier/processor/transform/proguard/patterns/GroupsReplacer done
Event: 30.433 loading class com/android/tools/build/jetifier/processor/transform/proguard/ProGuardClassSpecParser
Event: 30.433 loading class com/android/tools/build/jetifier/processor/transform/proguard/ProGuardClassSpecParser done
Event: 30.497 loading class com/android/tools/build/jetifier/processor/transform/proguard/ProGuardClassSpecParser$Companion
Event: 30.497 loading class com/android/tools/build/jetifier/processor/transform/proguard/ProGuardClassSpecParser$Companion done
Event: 30.498 loading class com/android/tools/build/jetifier/processor/transform/proguard/patterns/PatternHelper
Event: 30.498 loading class com/android/tools/build/jetifier/processor/transform/proguard/patterns/PatternHelper done
Event: 30.499 Thread 0x0000029a4fde5000 Thread exited: 0x0000029a4fde5000
Event: 30.501 loading class java/util/regex/Pattern$Caret
Event: 30.501 loading class java/util/regex/Pattern$Caret done
Event: 30.502 loading class com/android/tools/build/jetifier/processor/transform/proguard/ProGuardClassSpecParser$replacer$1
Event: 30.502 loading class com/android/tools/build/jetifier/processor/transform/proguard/ProGuardClassSpecParser$replacer$1 done
Event: 30.502 loading class com/android/tools/build/jetifier/processor/transform/proguard/ProGuardClassSpecParser$replacer$2
Event: 30.502 loading class com/android/tools/build/jetifier/processor/transform/proguard/ProGuardClassSpecParser$replacer$2 done
Event: 30.503 loading class com/android/tools/build/jetifier/processor/transform/proguard/ProGuardClassSpecParser$replacer$3
Event: 30.503 loading class com/android/tools/build/jetifier/processor/transform/proguard/ProGuardClassSpecParser$replacer$3 done
Event: 30.503 loading class com/android/tools/build/jetifier/processor/transform/proguard/ProGuardClassSpecParser$replacer$4
Event: 30.503 loading class com/android/tools/build/jetifier/processor/transform/proguard/ProGuardClassSpecParser$replacer$4 done


Dynamic libraries:
0x00007ff7c22f0000 - 0x00007ff7c22fa000 	C:\Program Files\Android\Android Studio\jre\bin\java.exe
0x00007ffc7ebd0000 - 0x00007ffc7edc5000 	C:\WINDOWS\SYSTEM32\ntdll.dll
0x00007ffc73ad0000 - 0x00007ffc73ae6000 	C:\Program Files\Avast Software\Avast\aswhook.dll
0x00007ffc7d9e0000 - 0x00007ffc7da9e000 	C:\WINDOWS\System32\KERNEL32.DLL
0x00007ffc7c420000 - 0x00007ffc7c6e8000 	C:\WINDOWS\System32\KERNELBASE.dll
0x00007ffc7c850000 - 0x00007ffc7c950000 	C:\WINDOWS\System32\ucrtbase.dll
0x00007ffc23920000 - 0x00007ffc23939000 	C:\Program Files\Android\Android Studio\jre\bin\jli.dll
0x00007ffc7cd80000 - 0x00007ffc7cf21000 	C:\WINDOWS\System32\USER32.dll
0x00007ffc7c950000 - 0x00007ffc7c972000 	C:\WINDOWS\System32\win32u.dll
0x00007ffc7e420000 - 0x00007ffc7e44b000 	C:\WINDOWS\System32\GDI32.dll
0x00007ffc7cac0000 - 0x00007ffc7cbcb000 	C:\WINDOWS\System32\gdi32full.dll
0x00007ffc7c2f0000 - 0x00007ffc7c38d000 	C:\WINDOWS\System32\msvcp_win.dll
0x00007ffc22310000 - 0x00007ffc22327000 	C:\Program Files\Android\Android Studio\jre\bin\VCRUNTIME140.dll
0x00007ffc63be0000 - 0x00007ffc63e7a000 	C:\WINDOWS\WinSxS\amd64_microsoft.windows.common-controls_6595b64144ccf1df_6.0.19041.1110_none_60b5254171f9507e\COMCTL32.dll
0x00007ffc7cce0000 - 0x00007ffc7cd7e000 	C:\WINDOWS\System32\msvcrt.dll
0x00007ffc7cc30000 - 0x00007ffc7cc60000 	C:\WINDOWS\System32\IMM32.DLL
0x00007ffbf5db0000 - 0x00007ffbf5e4d000 	C:\Program Files\Android\Android Studio\jre\bin\msvcp140.dll
0x00007ffbff230000 - 0x00007ffbffcec000 	C:\Program Files\Android\Android Studio\jre\bin\server\jvm.dll
0x00007ffc7cf90000 - 0x00007ffc7d03c000 	C:\WINDOWS\System32\ADVAPI32.dll
0x00007ffc7daa0000 - 0x00007ffc7db3b000 	C:\WINDOWS\System32\sechost.dll
0x00007ffc7ea60000 - 0x00007ffc7eb8a000 	C:\WINDOWS\System32\RPCRT4.dll
0x00007ffc7d9d0000 - 0x00007ffc7d9d8000 	C:\WINDOWS\System32\PSAPI.DLL
0x00007ffc69c80000 - 0x00007ffc69c89000 	C:\WINDOWS\SYSTEM32\WSOCK32.dll
0x00007ffc7d960000 - 0x00007ffc7d9cb000 	C:\WINDOWS\System32\WS2_32.dll
0x00007ffc63e80000 - 0x00007ffc63ea7000 	C:\WINDOWS\SYSTEM32\WINMM.dll
0x00007ffc77df0000 - 0x00007ffc77dfa000 	C:\WINDOWS\SYSTEM32\VERSION.dll
0x00007ffc7a3d0000 - 0x00007ffc7a3e2000 	C:\WINDOWS\SYSTEM32\kernel.appcore.dll
0x00007ffc4d570000 - 0x00007ffc4d581000 	C:\Program Files\Android\Android Studio\jre\bin\verify.dll
0x00007ffc7a0f0000 - 0x00007ffc7a2d4000 	C:\WINDOWS\SYSTEM32\DBGHELP.DLL
0x00007ffc6d0e0000 - 0x00007ffc6d10c000 	C:\WINDOWS\SYSTEM32\dbgcore.DLL
0x00007ffc7c390000 - 0x00007ffc7c413000 	C:\WINDOWS\System32\bcryptPrimitives.dll
0x00007ffc48760000 - 0x00007ffc48789000 	C:\Program Files\Android\Android Studio\jre\bin\java.dll
0x00007ffc77aa0000 - 0x00007ffc77aab000 	C:\Program Files\Android\Android Studio\jre\bin\jimage.dll
0x00007ffc49dc0000 - 0x00007ffc49dd8000 	C:\Program Files\Android\Android Studio\jre\bin\zip.dll
0x00007ffc7dc50000 - 0x00007ffc7e38f000 	C:\WINDOWS\System32\SHELL32.dll
0x00007ffc7a3f0000 - 0x00007ffc7ab80000 	C:\WINDOWS\SYSTEM32\windows.storage.dll
0x00007ffc7d120000 - 0x00007ffc7d475000 	C:\WINDOWS\System32\combase.dll
0x00007ffc7bc70000 - 0x00007ffc7bc9e000 	C:\WINDOWS\SYSTEM32\Wldp.dll
0x00007ffc7db40000 - 0x00007ffc7dbed000 	C:\WINDOWS\System32\SHCORE.dll
0x00007ffc7dbf0000 - 0x00007ffc7dc45000 	C:\WINDOWS\System32\shlwapi.dll
0x00007ffc7c1c0000 - 0x00007ffc7c1df000 	C:\WINDOWS\SYSTEM32\profapi.dll
0x00007ffc48840000 - 0x00007ffc4885a000 	C:\Program Files\Android\Android Studio\jre\bin\net.dll
0x00007ffc6d260000 - 0x00007ffc6d36c000 	C:\WINDOWS\SYSTEM32\WINHTTP.dll
0x00007ffc7b9d0000 - 0x00007ffc7ba3a000 	C:\WINDOWS\system32\mswsock.dll
0x00007ffc486d0000 - 0x00007ffc486e4000 	C:\Program Files\Android\Android Studio\jre\bin\nio.dll
0x00007ffc4f0c0000 - 0x00007ffc4f0e7000 	C:\Users\kio favour\.gradle\native\fdc75f09e3144964f2cf3f50f0aa648679c211496f362492102eb8c894070792\windows-amd64\native-platform.dll
0x00007ffc4e780000 - 0x00007ffc4e916000 	C:\Users\kio favour\.gradle\native\12488b8bf47d2d4c9fbf2f6322a914ad602e24e48041cd04a747c6da556b65c4\windows-amd64\native-platform-file-events.dll
0x00007ffc73740000 - 0x00007ffc7374a000 	C:\Program Files\Android\Android Studio\jre\bin\management.dll
0x00007ffc62270000 - 0x00007ffc6227c000 	C:\Program Files\Android\Android Studio\jre\bin\management_ext.dll
0x00007ffc7bbc0000 - 0x00007ffc7bbd8000 	C:\WINDOWS\SYSTEM32\CRYPTSP.dll
0x00007ffc7b350000 - 0x00007ffc7b384000 	C:\WINDOWS\system32\rsaenh.dll
0x00007ffc7c980000 - 0x00007ffc7c9a7000 	C:\WINDOWS\System32\bcrypt.dll
0x00007ffc7c0e0000 - 0x00007ffc7c10e000 	C:\WINDOWS\SYSTEM32\USERENV.dll
0x00007ffc7bbe0000 - 0x00007ffc7bbec000 	C:\WINDOWS\SYSTEM32\CRYPTBASE.dll
0x00007ffc7b6c0000 - 0x00007ffc7b6fb000 	C:\WINDOWS\SYSTEM32\IPHLPAPI.DLL
0x00007ffc7cc20000 - 0x00007ffc7cc28000 	C:\WINDOWS\System32\NSI.dll
0x00007ffc74880000 - 0x00007ffc74897000 	C:\WINDOWS\SYSTEM32\dhcpcsvc6.DLL
0x00007ffc74860000 - 0x00007ffc7487d000 	C:\WINDOWS\SYSTEM32\dhcpcsvc.DLL
0x00007ffc7b750000 - 0x00007ffc7b81b000 	C:\WINDOWS\SYSTEM32\DNSAPI.dll
0x00007ffc74cc0000 - 0x00007ffc74ccb000 	C:\WINDOWS\SYSTEM32\WINNSI.DLL

dbghelp: loaded successfully - version: 4.0.5 - missing functions: none
symbol engine: initialized successfully - sym options: 0x614 - pdb path: .;C:\Program Files\Android\Android Studio\jre\bin;C:\WINDOWS\SYSTEM32;C:\Program Files\Avast Software\Avast;C:\WINDOWS\WinSxS\amd64_microsoft.windows.common-controls_6595b64144ccf1df_6.0.19041.1110_none_60b5254171f9507e;C:\Program Files\Android\Android Studio\jre\bin\server;C:\Users\kio favour\.gradle\native\fdc75f09e3144964f2cf3f50f0aa648679c211496f362492102eb8c894070792\windows-amd64;C:\Users\kio favour\.gradle\native\12488b8bf47d2d4c9fbf2f6322a914ad602e24e48041cd04a747c6da556b65c4\windows-amd64

VM Arguments:
jvm_args: --add-opens=java.base/java.util=ALL-UNNAMED --add-opens=java.base/java.lang=ALL-UNNAMED --add-opens=java.base/java.lang.invoke=ALL-UNNAMED --add-opens=java.prefs/java.util.prefs=ALL-UNNAMED -Xmx2048m -Dfile.encoding=UTF-8 -Duser.country=US -Duser.language=en -Duser.variant 
java_command: org.gradle.launcher.daemon.bootstrap.GradleDaemon 6.7.1
java_class_path (initial): C:\Users\kio favour\.gradle\wrapper\dists\gradle-6.7.1-bin\bwlcbys1h7rz3272sye1xwiv6\gradle-6.7.1\lib\gradle-launcher-6.7.1.jar
Launcher Type: SUN_STANDARD

[Global flags]
     intx CICompilerCount                          = 3                                         {product} {ergonomic}
     uint ConcGCThreads                            = 1                                         {product} {ergonomic}
     uint G1ConcRefinementThreads                  = 4                                         {product} {ergonomic}
   size_t G1HeapRegionSize                         = 1048576                                   {product} {ergonomic}
    uintx GCDrainStackTargetSize                   = 64                                        {product} {ergonomic}
   size_t InitialHeapSize                          = 201326592                                 {product} {ergonomic}
   size_t MarkStackSize                            = 4194304                                   {product} {ergonomic}
   size_t MaxHeapSize                              = 2147483648                                {product} {command line}
   size_t MaxNewSize                               = 1287651328                                {product} {ergonomic}
   size_t MinHeapDeltaBytes                        = 1048576                                   {product} {ergonomic}
    uintx NonNMethodCodeHeapSize                   = 5830732                                {pd product} {ergonomic}
    uintx NonProfiledCodeHeapSize                  = 122913754                              {pd product} {ergonomic}
    uintx ProfiledCodeHeapSize                     = 122913754                              {pd product} {ergonomic}
    uintx ReservedCodeCacheSize                    = 251658240                              {pd product} {ergonomic}
     bool SegmentedCodeCache                       = true                                      {product} {ergonomic}
     bool UseCompressedClassPointers               = true                                 {lp64_product} {ergonomic}
     bool UseCompressedOops                        = true                                 {lp64_product} {ergonomic}
     bool UseG1GC                                  = true                                      {product} {ergonomic}
     bool UseLargePagesIndividualAllocation        = false                                  {pd product} {ergonomic}

Logging:
Log output configuration:
 #0: stdout all=warning uptime,level,tags
 #1: stderr all=off uptime,level,tags

Environment Variables:
PATH=C:\Program Files (x86)\VMware\VMware Workstation\bin\;C:\Program Files\Common Files\Oracle\Java\javapath;C:\Program Files (x86)\NVIDIA Corporation\PhysX\Common;C:\Program Files (x86)\Intel\iCLS Client\;C:\Program Files\Intel\iCLS Client\;C:\WINDOWS\system32;C:\WINDOWS;C:\WINDOWS\System32\Wbem;C:\WINDOWS\System32\WindowsPowerShell\v1.0\;C:\Program Files (x86)\Intel\Intel(R) Management Engine Components\DAL;C:\Program Files\Intel\Intel(R) Management Engine Components\DAL;C:\Program Files (x86)\Intel\Intel(R) Management Engine Components\IPT;C:\Program Files\Intel\Intel(R) Management Engine Components\IPT;C:\WINDOWS\System32\OpenSSH\;C:\Program Files\Microsoft SQL Server\Client SDK\ODBC\130\Tools\Binn\;C:\Program Files (x86)\Microsoft SQL Server\140\Tools\Binn\;C:\Program Files\Microsoft SQL Server\140\Tools\Binn\;C:\Program Files\Microsoft SQL Server\140\DTS\Binn\;C:\Program Files (x86)\Microsoft SQL Server\150\DTS\Binn\;C:\Program Files\Microsoft SQL Server\130\Tools\Binn\;C:\Program Files\Microsoft SQL Server\Client SDK\ODBC\170\Tools\Binn\;C:\Program Files\Git\cmd;C:\Program Files\dotnet\;C:\Program Files\nodejs\;C:\Program Files\Java\jdk-15.0.1;C:\Users\kio favour\AppData\Local\Microsoft\WindowsApps;C:\src\flutter\bin;C:\Users\kio favour\.dotnet\tools;C:\Users\kio favour\AppData\Roaming\npm;C:\Users\kio favour\AppData\Local\Programs\Microsoft VS Code\bin
USERNAME=kio favour
OS=Windows_NT
PROCESSOR_IDENTIFIER=Intel64 Family 6 Model 142 Stepping 9, GenuineIntel



---------------  S Y S T E M  ---------------

OS: Windows 10 , 64 bit Build 19041 (10.0.19041.1348)
OS uptime: 2 days 16:14 hours

CPU:total 4 (initial active 4) (2 cores per cpu, 2 threads per core) family 6 model 142 stepping 9, cmov, cx8, fxsr, mmx, sse, sse2, sse3, ssse3, sse4.1, sse4.2, popcnt, avx, avx2, aes, clmul, erms, 3dnowpref, lzcnt, ht, tsc, tscinvbit, bmi1, bmi2, adx, fma

Memory: 4k page, system-wide physical 12204M (2434M free)
TotalPageFile size 17916M (AvailPageFile size 3334M)
current process WorkingSet (physical memory assigned to process): 337M, peak: 338M
current process commit charge ("private bytes"): 412M, peak: 415M

vm_info: OpenJDK 64-Bit Server VM (11.0.8+10-b944.6842174) for windows-amd64 JRE (11.0.8+10-b944.6842174), built on Sep 19 2020 01:11:42 by "builder" with MS VC++ 14.0 (VS2015)

END.
